
**** Clean-only build of configuration Debug for project empty_CC2650STK_TI ****

/home/linuxlite/ti/ccs1040/ccs/utils/bin/gmake -k -j 2 clean -O 
 
cleaning ../src/sysbios ...
rm -rf  "empty_CC2650STK_TI.hex"  "configPkg/linker.cmd" "configPkg/compiler.opt"  "empty_CC2650STK_TI.out" 
rm -rf "CC2650STK.obj" "ccfg.obj" "empty.obj" 
rm -rf "CC2650STK.d" "ccfg.d" "empty.d" 
rm -rf  "configPkg/" 
Finished clean
 

**** Build Finished ****

**** Build of configuration Debug for project empty_CC2650STK_TI ****

/home/linuxlite/ti/ccs1040/ccs/utils/bin/gmake -k -j 2 all -O 
 
Building file: "../empty.cfg"
Invoking: XDCtools
"/home/linuxlite/ti/xdctools_3_32_00_06_core/xs" --xdcpath="/home/linuxlite/ti/tirtos_cc13xx_cc26xx_2_21_01_08/packages;/home/linuxlite/ti/tirtos_cc13xx_cc26xx_2_21_01_08/products/tidrivers_cc13xx_cc26xx_2_21_01_01/packages;/home/linuxlite/ti/tirtos_cc13xx_cc26xx_2_21_01_08/products/bios_6_46_01_38/packages;/home/linuxlite/ti/tirtos_cc13xx_cc26xx_2_21_01_08/products/uia_2_01_00_01/packages;" xdc.tools.configuro -o configPkg -t ti.targets.arm.elf.M3 -p ti.platforms.simplelink:CC2650F128 -r release -c "/home/linuxlite/ti/ccs1040/ccs/tools/compiler/ti-cgt-arm_20.2.5.LTS" --compileOptions "-mv7M3 --code_state=16 --float_support=none -me --include_path=\"/home/linuxlite/workspace_v12/empty_CC2650STK_TI\" --include_path=\"/home/linuxlite/workspace_v12/empty_CC2650STK_TI\" --include_path=\"/home/linuxlite/ti/tirtos_cc13xx_cc26xx_2_21_01_08/products/cc26xxware_2_24_03_17272\" --include_path=\"/home/linuxlite/ti/ccs1040/ccs/tools/compiler/ti-cgt-arm_20.2.5.LTS/include\" --define=ccs -g --diag_warning=225 --diag_warning=255 --diag_wrap=off --display_error_number --gen_func_subsections=on --abi=eabi  " "../empty.cfg"
making package.mak (because of package.bld) ...
generating interfaces for package configPkg (because package/package.xdc.inc is older than package.xdc) ...
configuring empty.xem3 from package/cfg/empty_pem3.cfg ...
generating custom ROM library makefile ... 
Starting build of library sources ...
making /home/linuxlite/workspace_v12/empty_CC2650STK_TI/src/sysbios/rom_sysbios.aem3 ...
gmake[1]: Entering directory `/home/linuxlite/workspace_v12/empty_CC2650STK_TI/src/sysbios'
clem3 /home/linuxlite/ti/tirtos_cc13xx_cc26xx_2_21_01_08/products/bios_6_46_01_38/packages/ti/sysbios/BIOS.c ...
asmem3 /home/linuxlite/ti/tirtos_cc13xx_cc26xx_2_21_01_08/products/bios_6_46_01_38/packages/ti/sysbios/family/arm/m3/Hwi_asm.sv7M ...
asmem3 /home/linuxlite/ti/tirtos_cc13xx_cc26xx_2_21_01_08/products/bios_6_46_01_38/packages/ti/sysbios/family/arm/m3/Hwi_asm_switch.sv7M ...
asmem3 /home/linuxlite/ti/tirtos_cc13xx_cc26xx_2_21_01_08/products/bios_6_46_01_38/packages/ti/sysbios/family/arm/m3/IntrinsicsSupport_asm.sv7M ...
asmem3 /home/linuxlite/ti/tirtos_cc13xx_cc26xx_2_21_01_08/products/bios_6_46_01_38/packages/ti/sysbios/family/arm/m3/TaskSupport_asm.sv7M ...
arem3 rom_sysbios.obj m3_Hwi_asm.obj m3_Hwi_asm_switch.obj m3_IntrinsicsSupport_asm.obj m3_TaskSupport_asm.obj ...
gmake[1]: Leaving directory `/home/linuxlite/workspace_v12/empty_CC2650STK_TI/src/sysbios'
Build of libraries done.
clem3 package/cfg/empty_pem3.c ...
"package/cfg/empty_pem3.c", line 7971: warning #112-D: statement is unreachable
Finished building: "../empty.cfg"
 
making ../src/sysbios/rom_sysbios.aem3 ...
gmake[1]: Nothing to be done for 'all'.
Building file: "../ccfg.c"
Invoking: Arm Compiler
"/home/linuxlite/ti/ccs1040/ccs/tools/compiler/ti-cgt-arm_20.2.5.LTS/bin/armcl" -mv7M3 --code_state=16 --float_support=none -me --include_path="/home/linuxlite/workspace_v12/empty_CC2650STK_TI" --include_path="/home/linuxlite/workspace_v12/empty_CC2650STK_TI" --include_path="/home/linuxlite/ti/tirtos_cc13xx_cc26xx_2_21_01_08/products/cc26xxware_2_24_03_17272" --include_path="/home/linuxlite/ti/ccs1040/ccs/tools/compiler/ti-cgt-arm_20.2.5.LTS/include" --define=ccs -g --diag_warning=225 --diag_warning=255 --diag_wrap=off --display_error_number --gen_func_subsections=on --abi=eabi --preproc_with_compile --preproc_dependency="ccfg.d_raw" --cmd_file="configPkg/compiler.opt"  "../ccfg.c"
Finished building: "../ccfg.c"
 
Building file: "../project_main.c"
Invoking: Arm Compiler
"/home/linuxlite/ti/ccs1040/ccs/tools/compiler/ti-cgt-arm_20.2.5.LTS/bin/armcl" -mv7M3 --code_state=16 --float_support=none -me --include_path="/home/linuxlite/workspace_v12/empty_CC2650STK_TI" --include_path="/home/linuxlite/workspace_v12/empty_CC2650STK_TI" --include_path="/home/linuxlite/ti/tirtos_cc13xx_cc26xx_2_21_01_08/products/cc26xxware_2_24_03_17272" --include_path="/home/linuxlite/ti/ccs1040/ccs/tools/compiler/ti-cgt-arm_20.2.5.LTS/include" --define=ccs -g --diag_warning=225 --diag_warning=255 --diag_wrap=off --display_error_number --gen_func_subsections=on --abi=eabi --preproc_with_compile --preproc_dependency="project_main.d_raw" --cmd_file="configPkg/compiler.opt"  "../project_main.c"
 
>> Compilation failure
subdir_rules.mk:7: recipe for target 'project_main.obj' failed
"../project_main.c", line 50: error #20: identifier "BOARD_LED0" is undefined
"../project_main.c", line 54: error #66: expected a ";"
"../project_main.c", line 113: warning #12-D: parsing restarts here after previous syntax error
"../project_main.c", line 114: warning #78-D: this declaration has no storage class or type specifier
"../project_main.c", line 114: error #148: declaration is incompatible with "void xdc_runtime_System_flush__E(void)" (declared at line 276 of "/home/linuxlite/ti/xdctools_3_32_00_06_core/packages/xdc/runtime/System.h")
"../project_main.c", line 117: error #80: expected a type specifier
"../project_main.c", line 117: warning #78-D: this declaration has no storage class or type specifier
"../project_main.c", line 117: error #148: declaration is incompatible with "void ti_sysbios_knl_Task_sleep__E(xdc_UInt32)" (declared at line 681 of "/home/linuxlite/ti/tirtos_cc13xx_cc26xx_2_21_01_08/products/bios_6_46_01_38/packages/ti/sysbios/knl/Task.h")
"../project_main.c", line 118: error #171: expected a declaration
"../project_main.c", line 143: warning #12-D: parsing restarts here after previous syntax error
"../project_main.c", line 144: error #171: expected a declaration
"../project_main.c", line 147: warning #12-D: parsing restarts here after previous syntax error
"../project_main.c", line 148: error #171: expected a declaration
"../project_main.c", line 157: warning #12-D: parsing restarts here after previous syntax error
"../project_main.c", line 158: warning #78-D: this declaration has no storage class or type specifier
"../project_main.c", line 158: error #66: expected a ";"
"../project_main.c", line 159: warning #78-D: this declaration has no storage class or type specifier
"../project_main.c", line 159: error #66: expected a ";"
"../project_main.c", line 160: warning #78-D: this declaration has no storage class or type specifier
"../project_main.c", line 160: error #66: expected a ";"
"../project_main.c", line 161: warning #78-D: this declaration has no storage class or type specifier
"../project_main.c", line 161: error #60: function call is not allowed in a constant expression
"../project_main.c", line 161: error #20: identifier "sensorTaskFxn" is undefined
"../project_main.c", line 162: error #171: expected a declaration
"../project_main.c", line 166: warning #12-D: parsing restarts here after previous syntax error
"../project_main.c", line 167: warning #78-D: this declaration has no storage class or type specifier
"../project_main.c", line 167: error #66: expected a ";"
"../project_main.c", line 168: warning #78-D: this declaration has no storage class or type specifier
"../project_main.c", line 168: error #66: expected a ";"
"../project_main.c", line 169: warning #78-D: this declaration has no storage class or type specifier
"../project_main.c", line 169: error #66: expected a ";"
"../project_main.c", line 170: warning #78-D: this declaration has no storage class or type specifier
"../project_main.c", line 170: error #60: function call is not allowed in a constant expression
"../project_main.c", line 170: error #20: identifier "uartTaskFxn" is undefined
"../project_main.c", line 171: error #171: expected a declaration
"../project_main.c", line 176: warning #12-D: parsing restarts here after previous syntax error
"../project_main.c", line 177: warning #78-D: this declaration has no storage class or type specifier
"../project_main.c", line 180: warning #78-D: this declaration has no storage class or type specifier
"../project_main.c", line 180: error #148: declaration is incompatible with "void ti_sysbios_BIOS_start__E(void)" (declared at line 322 of "/home/linuxlite/ti/tirtos_cc13xx_cc26xx_2_21_01_08/products/bios_6_46_01_38/packages/ti/sysbios/BIOS.h")
"../project_main.c", line 182: error #171: expected a declaration
"../project_main.c", line 183: error #171: expected a declaration
"../project_main.c", line 39: warning #179-D: variable "button1Handle" was declared but never referenced
"../project_main.c", line 40: warning #179-D: variable "button1State" was declared but never referenced
"../project_main.c", line 41: warning #179-D: variable "ledHandle" was declared but never referenced
"../project_main.c", line 42: warning #179-D: variable "ledState" was declared but never referenced
23 errors detected in the compilation of "../project_main.c".
gmake: *** [project_main.obj] Error 1
Building file: "../sensors/bmp280.c"
Invoking: Arm Compiler
"/home/linuxlite/ti/ccs1040/ccs/tools/compiler/ti-cgt-arm_20.2.5.LTS/bin/armcl" -mv7M3 --code_state=16 --float_support=none -me --include_path="/home/linuxlite/workspace_v12/empty_CC2650STK_TI" --include_path="/home/linuxlite/workspace_v12/empty_CC2650STK_TI" --include_path="/home/linuxlite/ti/tirtos_cc13xx_cc26xx_2_21_01_08/products/cc26xxware_2_24_03_17272" --include_path="/home/linuxlite/ti/ccs1040/ccs/tools/compiler/ti-cgt-arm_20.2.5.LTS/include" --define=ccs -g --diag_warning=225 --diag_warning=255 --diag_wrap=off --display_error_number --gen_func_subsections=on --abi=eabi --preproc_with_compile --preproc_dependency="sensors/bmp280.d_raw" --obj_directory="sensors" --cmd_file="configPkg/compiler.opt"  "../sensors/bmp280.c"
Finished building: "../sensors/bmp280.c"
 
Building file: "../CC2650STK.c"
Invoking: Arm Compiler
"/home/linuxlite/ti/ccs1040/ccs/tools/compiler/ti-cgt-arm_20.2.5.LTS/bin/armcl" -mv7M3 --code_state=16 --float_support=none -me --include_path="/home/linuxlite/workspace_v12/empty_CC2650STK_TI" --include_path="/home/linuxlite/workspace_v12/empty_CC2650STK_TI" --include_path="/home/linuxlite/ti/tirtos_cc13xx_cc26xx_2_21_01_08/products/cc26xxware_2_24_03_17272" --include_path="/home/linuxlite/ti/ccs1040/ccs/tools/compiler/ti-cgt-arm_20.2.5.LTS/include" --define=ccs -g --diag_warning=225 --diag_warning=255 --diag_wrap=off --display_error_number --gen_func_subsections=on --abi=eabi --preproc_with_compile --preproc_dependency="CC2650STK.d_raw" --cmd_file="configPkg/compiler.opt"  "../CC2650STK.c"
Finished building: "../CC2650STK.c"
 
Building file: "../sensors/hdc1000.c"
Invoking: Arm Compiler
"/home/linuxlite/ti/ccs1040/ccs/tools/compiler/ti-cgt-arm_20.2.5.LTS/bin/armcl" -mv7M3 --code_state=16 --float_support=none -me --include_path="/home/linuxlite/workspace_v12/empty_CC2650STK_TI" --include_path="/home/linuxlite/workspace_v12/empty_CC2650STK_TI" --include_path="/home/linuxlite/ti/tirtos_cc13xx_cc26xx_2_21_01_08/products/cc26xxware_2_24_03_17272" --include_path="/home/linuxlite/ti/ccs1040/ccs/tools/compiler/ti-cgt-arm_20.2.5.LTS/include" --define=ccs -g --diag_warning=225 --diag_warning=255 --diag_wrap=off --display_error_number --gen_func_subsections=on --abi=eabi --preproc_with_compile --preproc_dependency="sensors/hdc1000.d_raw" --obj_directory="sensors" --cmd_file="configPkg/compiler.opt"  "../sensors/hdc1000.c"
Finished building: "../sensors/hdc1000.c"
 
Building file: "../sensors/opt3001.c"
Invoking: Arm Compiler
"/home/linuxlite/ti/ccs1040/ccs/tools/compiler/ti-cgt-arm_20.2.5.LTS/bin/armcl" -mv7M3 --code_state=16 --float_support=none -me --include_path="/home/linuxlite/workspace_v12/empty_CC2650STK_TI" --include_path="/home/linuxlite/workspace_v12/empty_CC2650STK_TI" --include_path="/home/linuxlite/ti/tirtos_cc13xx_cc26xx_2_21_01_08/products/cc26xxware_2_24_03_17272" --include_path="/home/linuxlite/ti/ccs1040/ccs/tools/compiler/ti-cgt-arm_20.2.5.LTS/include" --define=ccs -g --diag_warning=225 --diag_warning=255 --diag_wrap=off --display_error_number --gen_func_subsections=on --abi=eabi --preproc_with_compile --preproc_dependency="sensors/opt3001.d_raw" --obj_directory="sensors" --cmd_file="configPkg/compiler.opt"  "../sensors/opt3001.c"
Finished building: "../sensors/opt3001.c"
 
Building file: "../sensors/tmp007.c"
Invoking: Arm Compiler
"/home/linuxlite/ti/ccs1040/ccs/tools/compiler/ti-cgt-arm_20.2.5.LTS/bin/armcl" -mv7M3 --code_state=16 --float_support=none -me --include_path="/home/linuxlite/workspace_v12/empty_CC2650STK_TI" --include_path="/home/linuxlite/workspace_v12/empty_CC2650STK_TI" --include_path="/home/linuxlite/ti/tirtos_cc13xx_cc26xx_2_21_01_08/products/cc26xxware_2_24_03_17272" --include_path="/home/linuxlite/ti/ccs1040/ccs/tools/compiler/ti-cgt-arm_20.2.5.LTS/include" --define=ccs -g --diag_warning=225 --diag_warning=255 --diag_wrap=off --display_error_number --gen_func_subsections=on --abi=eabi --preproc_with_compile --preproc_dependency="sensors/tmp007.d_raw" --obj_directory="sensors" --cmd_file="configPkg/compiler.opt"  "../sensors/tmp007.c"
Finished building: "../sensors/tmp007.c"
 
Building file: "../sensors/mpu9250.c"
Invoking: Arm Compiler
"/home/linuxlite/ti/ccs1040/ccs/tools/compiler/ti-cgt-arm_20.2.5.LTS/bin/armcl" -mv7M3 --code_state=16 --float_support=none -me --include_path="/home/linuxlite/workspace_v12/empty_CC2650STK_TI" --include_path="/home/linuxlite/workspace_v12/empty_CC2650STK_TI" --include_path="/home/linuxlite/ti/tirtos_cc13xx_cc26xx_2_21_01_08/products/cc26xxware_2_24_03_17272" --include_path="/home/linuxlite/ti/ccs1040/ccs/tools/compiler/ti-cgt-arm_20.2.5.LTS/include" --define=ccs -g --diag_warning=225 --diag_warning=255 --diag_wrap=off --display_error_number --gen_func_subsections=on --abi=eabi --preproc_with_compile --preproc_dependency="sensors/mpu9250.d_raw" --obj_directory="sensors" --cmd_file="configPkg/compiler.opt"  "../sensors/mpu9250.c"
Finished building: "../sensors/mpu9250.c"
 
gmake: Target 'all' not remade because of errors.

**** Build Finished ****

**** Build of configuration Debug for project empty_CC2650STK_TI ****

/home/linuxlite/ti/ccs1040/ccs/utils/bin/gmake -k -j 2 all -O 
 
making ../src/sysbios/rom_sysbios.aem3 ...
gmake[1]: Nothing to be done for 'all'.
Building file: "../project_main.c"
Invoking: Arm Compiler
"/home/linuxlite/ti/ccs1040/ccs/tools/compiler/ti-cgt-arm_20.2.5.LTS/bin/armcl" -mv7M3 --code_state=16 --float_support=none -me --include_path="/home/linuxlite/workspace_v12/empty_CC2650STK_TI" --include_path="/home/linuxlite/workspace_v12/empty_CC2650STK_TI" --include_path="/home/linuxlite/ti/tirtos_cc13xx_cc26xx_2_21_01_08/products/cc26xxware_2_24_03_17272" --include_path="/home/linuxlite/ti/ccs1040/ccs/tools/compiler/ti-cgt-arm_20.2.5.LTS/include" --define=ccs -g --diag_warning=225 --diag_warning=255 --diag_wrap=off --display_error_number --gen_func_subsections=on --abi=eabi --preproc_with_compile --preproc_dependency="project_main.d_raw" --cmd_file="configPkg/compiler.opt"  "../project_main.c"
 
>> Compilation failure
subdir_rules.mk:7: recipe for target 'project_main.obj' failed
"../project_main.c", line 59: error #20: identifier "BOARD_LED0" is undefined
"../project_main.c", line 60: warning #176-D: expression has no effect
"../project_main.c", line 91: warning #179-D: variable "i2c" was declared but never referenced
"../project_main.c", line 92: warning #179-D: variable "i2cParams" was declared but never referenced
"../project_main.c", line 143: error #20: identifier "buttonHandle" is undefined
"../project_main.c", line 143: error #20: identifier "buttonState" is undefined
"../project_main.c", line 39: warning #179-D: variable "button1Handle" was declared but never referenced
"../project_main.c", line 40: warning #179-D: variable "button1State" was declared but never referenced
3 errors detected in the compilation of "../project_main.c".
gmake: *** [project_main.obj] Error 1
gmake: Target 'all' not remade because of errors.

**** Build Finished ****

**** Build of configuration Debug for project empty_CC2650STK_TI ****

/home/linuxlite/ti/ccs1040/ccs/utils/bin/gmake -k -j 2 all -O 
 
making ../src/sysbios/rom_sysbios.aem3 ...
gmake[1]: Nothing to be done for 'all'.
Building file: "../project_main.c"
Invoking: Arm Compiler
"/home/linuxlite/ti/ccs1040/ccs/tools/compiler/ti-cgt-arm_20.2.5.LTS/bin/armcl" -mv7M3 --code_state=16 --float_support=none -me --include_path="/home/linuxlite/workspace_v12/empty_CC2650STK_TI" --include_path="/home/linuxlite/workspace_v12/empty_CC2650STK_TI" --include_path="/home/linuxlite/ti/tirtos_cc13xx_cc26xx_2_21_01_08/products/cc26xxware_2_24_03_17272" --include_path="/home/linuxlite/ti/ccs1040/ccs/tools/compiler/ti-cgt-arm_20.2.5.LTS/include" --define=ccs -g --diag_warning=225 --diag_warning=255 --diag_wrap=off --display_error_number --gen_func_subsections=on --abi=eabi --preproc_with_compile --preproc_dependency="project_main.d_raw" --cmd_file="configPkg/compiler.opt"  "../project_main.c"
 
>> Compilation failure
subdir_rules.mk:7: recipe for target 'project_main.obj' failed
"../project_main.c", line 60: warning #176-D: expression has no effect
"../project_main.c", line 91: warning #179-D: variable "i2c" was declared but never referenced
"../project_main.c", line 92: warning #179-D: variable "i2cParams" was declared but never referenced
"../project_main.c", line 143: error #20: identifier "buttonHandle" is undefined
"../project_main.c", line 143: error #20: identifier "buttonState" is undefined
"../project_main.c", line 39: warning #179-D: variable "button1Handle" was declared but never referenced
"../project_main.c", line 40: warning #179-D: variable "button1State" was declared but never referenced
2 errors detected in the compilation of "../project_main.c".
gmake: *** [project_main.obj] Error 1
gmake: Target 'all' not remade because of errors.

**** Build Finished ****

**** Build of configuration Debug for project empty_CC2650STK_TI ****

/home/linuxlite/ti/ccs1040/ccs/utils/bin/gmake -k -j 2 all -O 
 
making ../src/sysbios/rom_sysbios.aem3 ...
gmake[1]: Nothing to be done for 'all'.
Building file: "../project_main.c"
Invoking: Arm Compiler
"/home/linuxlite/ti/ccs1040/ccs/tools/compiler/ti-cgt-arm_20.2.5.LTS/bin/armcl" -mv7M3 --code_state=16 --float_support=none -me --include_path="/home/linuxlite/workspace_v12/empty_CC2650STK_TI" --include_path="/home/linuxlite/workspace_v12/empty_CC2650STK_TI" --include_path="/home/linuxlite/ti/tirtos_cc13xx_cc26xx_2_21_01_08/products/cc26xxware_2_24_03_17272" --include_path="/home/linuxlite/ti/ccs1040/ccs/tools/compiler/ti-cgt-arm_20.2.5.LTS/include" --define=ccs -g --diag_warning=225 --diag_warning=255 --diag_wrap=off --display_error_number --gen_func_subsections=on --abi=eabi --preproc_with_compile --preproc_dependency="project_main.d_raw" --cmd_file="configPkg/compiler.opt"  "../project_main.c"
"../project_main.c", line 60: warning #176-D: expression has no effect
"../project_main.c", line 91: warning #179-D: variable "i2c" was declared but never referenced
"../project_main.c", line 92: warning #179-D: variable "i2cParams" was declared but never referenced
Finished building: "../project_main.c"
 
making ../src/sysbios/rom_sysbios.aem3 ...
gmake[2]: Nothing to be done for 'all'.
Building target: "empty_CC2650STK_TI.out"
Invoking: Arm Linker
"/home/linuxlite/ti/ccs1040/ccs/tools/compiler/ti-cgt-arm_20.2.5.LTS/bin/armcl" -mv7M3 --code_state=16 --float_support=none -me --define=ccs -g --diag_warning=225 --diag_warning=255 --diag_wrap=off --display_error_number --gen_func_subsections=on --abi=eabi -z -m"empty_CC2650STK_TI.map" --heap_size=0 --stack_size=256 -i"/home/linuxlite/ti/ccs1040/ccs/tools/compiler/ti-cgt-arm_20.2.5.LTS/lib" -i"/home/linuxlite/ti/ccs1040/ccs/tools/compiler/ti-cgt-arm_20.2.5.LTS/include" --reread_libs --diag_wrap=off --display_error_number --warn_sections --xml_link_info="empty_CC2650STK_TI_linkInfo.xml" --rom_model -o "empty_CC2650STK_TI.out" "./CC2650STK.obj" "./ccfg.obj" "./project_main.obj" "./sensors/bmp280.obj" "./sensors/hdc1000.obj" "./sensors/mpu9250.obj" "./sensors/opt3001.obj" "./sensors/tmp007.obj" "../src/sysbios/m3_Hwi_asm.obj" "../src/sysbios/m3_Hwi_asm_switch.obj" "../src/sysbios/m3_IntrinsicsSupport_asm.obj" "../src/sysbios/m3_TaskSupport_asm.obj" "../src/sysbios/rom_sysbios.obj" "../CC2650STK.cmd" -l"configPkg/linker.cmd"  -l"/home/linuxlite/ti/tirtos_cc13xx_cc26xx_2_21_01_08/products/cc26xxware_2_24_03_17272/driverlib/bin/ccs/driverlib.lib" -llibc.a 
<Linking>
Finished building target: "empty_CC2650STK_TI.out"
 

**** Build Finished ****

**** Build of configuration Debug for project empty_CC2650STK_TI ****

/home/linuxlite/ti/ccs1040/ccs/utils/bin/gmake -k -j 2 all -O 
 
making ../src/sysbios/rom_sysbios.aem3 ...
gmake[1]: Nothing to be done for 'all'.
Building file: "../project_main.c"
Invoking: Arm Compiler
"/home/linuxlite/ti/ccs1040/ccs/tools/compiler/ti-cgt-arm_20.2.5.LTS/bin/armcl" -mv7M3 --code_state=16 --float_support=none -me --include_path="/home/linuxlite/workspace_v12/empty_CC2650STK_TI" --include_path="/home/linuxlite/workspace_v12/empty_CC2650STK_TI" --include_path="/home/linuxlite/ti/tirtos_cc13xx_cc26xx_2_21_01_08/products/cc26xxware_2_24_03_17272" --include_path="/home/linuxlite/ti/ccs1040/ccs/tools/compiler/ti-cgt-arm_20.2.5.LTS/include" --define=ccs -g --diag_warning=225 --diag_warning=255 --diag_wrap=off --display_error_number --gen_func_subsections=on --abi=eabi --preproc_with_compile --preproc_dependency="project_main.d_raw" --cmd_file="configPkg/compiler.opt"  "../project_main.c"
"../project_main.c", line 91: warning #179-D: variable "i2c" was declared but never referenced
"../project_main.c", line 92: warning #179-D: variable "i2cParams" was declared but never referenced
Finished building: "../project_main.c"
 
making ../src/sysbios/rom_sysbios.aem3 ...
gmake[2]: Nothing to be done for 'all'.
Building target: "empty_CC2650STK_TI.out"
Invoking: Arm Linker
"/home/linuxlite/ti/ccs1040/ccs/tools/compiler/ti-cgt-arm_20.2.5.LTS/bin/armcl" -mv7M3 --code_state=16 --float_support=none -me --define=ccs -g --diag_warning=225 --diag_warning=255 --diag_wrap=off --display_error_number --gen_func_subsections=on --abi=eabi -z -m"empty_CC2650STK_TI.map" --heap_size=0 --stack_size=256 -i"/home/linuxlite/ti/ccs1040/ccs/tools/compiler/ti-cgt-arm_20.2.5.LTS/lib" -i"/home/linuxlite/ti/ccs1040/ccs/tools/compiler/ti-cgt-arm_20.2.5.LTS/include" --reread_libs --diag_wrap=off --display_error_number --warn_sections --xml_link_info="empty_CC2650STK_TI_linkInfo.xml" --rom_model -o "empty_CC2650STK_TI.out" "./CC2650STK.obj" "./ccfg.obj" "./project_main.obj" "./sensors/bmp280.obj" "./sensors/hdc1000.obj" "./sensors/mpu9250.obj" "./sensors/opt3001.obj" "./sensors/tmp007.obj" "../src/sysbios/m3_Hwi_asm.obj" "../src/sysbios/m3_Hwi_asm_switch.obj" "../src/sysbios/m3_IntrinsicsSupport_asm.obj" "../src/sysbios/m3_TaskSupport_asm.obj" "../src/sysbios/rom_sysbios.obj" "../CC2650STK.cmd" -l"configPkg/linker.cmd"  -l"/home/linuxlite/ti/tirtos_cc13xx_cc26xx_2_21_01_08/products/cc26xxware_2_24_03_17272/driverlib/bin/ccs/driverlib.lib" -llibc.a 
<Linking>
Finished building target: "empty_CC2650STK_TI.out"
 

**** Build Finished ****

**** Build of configuration Debug for project empty_CC2650STK_TI ****

/home/linuxlite/ti/ccs1040/ccs/utils/bin/gmake -k -j 2 all -O 
 
making ../src/sysbios/rom_sysbios.aem3 ...
gmake[1]: Nothing to be done for 'all'.
making ../src/sysbios/rom_sysbios.aem3 ...
gmake[2]: Nothing to be done for 'all'.

**** Build Finished ****

**** Build of configuration Debug for project empty_CC2650STK_TI ****

/home/linuxlite/ti/ccs1040/ccs/utils/bin/gmake -k -j 2 all -O 
 
making ../src/sysbios/rom_sysbios.aem3 ...
gmake[1]: Nothing to be done for 'all'.
Building file: "../project_main.c"
Invoking: Arm Compiler
"/home/linuxlite/ti/ccs1040/ccs/tools/compiler/ti-cgt-arm_20.2.5.LTS/bin/armcl" -mv7M3 --code_state=16 --float_support=none -me --include_path="/home/linuxlite/workspace_v12/empty_CC2650STK_TI" --include_path="/home/linuxlite/workspace_v12/empty_CC2650STK_TI" --include_path="/home/linuxlite/ti/tirtos_cc13xx_cc26xx_2_21_01_08/products/cc26xxware_2_24_03_17272" --include_path="/home/linuxlite/ti/ccs1040/ccs/tools/compiler/ti-cgt-arm_20.2.5.LTS/include" --define=ccs -g --diag_warning=225 --diag_warning=255 --diag_wrap=off --display_error_number --gen_func_subsections=on --abi=eabi --preproc_with_compile --preproc_dependency="project_main.d_raw" --cmd_file="configPkg/compiler.opt"  "../project_main.c"
"../project_main.c", line 91: warning #179-D: variable "i2c" was declared but never referenced
"../project_main.c", line 92: warning #179-D: variable "i2cParams" was declared but never referenced
Finished building: "../project_main.c"
 
making ../src/sysbios/rom_sysbios.aem3 ...
gmake[2]: Nothing to be done for 'all'.
Building target: "empty_CC2650STK_TI.out"
Invoking: Arm Linker
"/home/linuxlite/ti/ccs1040/ccs/tools/compiler/ti-cgt-arm_20.2.5.LTS/bin/armcl" -mv7M3 --code_state=16 --float_support=none -me --define=ccs -g --diag_warning=225 --diag_warning=255 --diag_wrap=off --display_error_number --gen_func_subsections=on --abi=eabi -z -m"empty_CC2650STK_TI.map" --heap_size=0 --stack_size=256 -i"/home/linuxlite/ti/ccs1040/ccs/tools/compiler/ti-cgt-arm_20.2.5.LTS/lib" -i"/home/linuxlite/ti/ccs1040/ccs/tools/compiler/ti-cgt-arm_20.2.5.LTS/include" --reread_libs --diag_wrap=off --display_error_number --warn_sections --xml_link_info="empty_CC2650STK_TI_linkInfo.xml" --rom_model -o "empty_CC2650STK_TI.out" "./CC2650STK.obj" "./ccfg.obj" "./project_main.obj" "./sensors/bmp280.obj" "./sensors/hdc1000.obj" "./sensors/mpu9250.obj" "./sensors/opt3001.obj" "./sensors/tmp007.obj" "../src/sysbios/m3_Hwi_asm.obj" "../src/sysbios/m3_Hwi_asm_switch.obj" "../src/sysbios/m3_IntrinsicsSupport_asm.obj" "../src/sysbios/m3_TaskSupport_asm.obj" "../src/sysbios/rom_sysbios.obj" "../CC2650STK.cmd" -l"configPkg/linker.cmd"  -l"/home/linuxlite/ti/tirtos_cc13xx_cc26xx_2_21_01_08/products/cc26xxware_2_24_03_17272/driverlib/bin/ccs/driverlib.lib" -llibc.a 
<Linking>
Finished building target: "empty_CC2650STK_TI.out"
 

**** Build Finished ****

**** Build of configuration Debug for project empty_CC2650STK_TI ****

/home/linuxlite/ti/ccs1040/ccs/utils/bin/gmake -k -j 2 all -O 
 
making ../src/sysbios/rom_sysbios.aem3 ...
gmake[1]: Nothing to be done for 'all'.
making ../src/sysbios/rom_sysbios.aem3 ...
gmake[2]: Nothing to be done for 'all'.

**** Build Finished ****

**** Build of configuration Debug for project empty_CC2650STK_TI ****

/home/linuxlite/ti/ccs1040/ccs/utils/bin/gmake -k -j 2 all -O 
 
making ../src/sysbios/rom_sysbios.aem3 ...
gmake[1]: Nothing to be done for 'all'.
Building file: "../sensors/opt3001.c"
Invoking: Arm Compiler
"/home/linuxlite/ti/ccs1040/ccs/tools/compiler/ti-cgt-arm_20.2.5.LTS/bin/armcl" -mv7M3 --code_state=16 --float_support=none -me --include_path="/home/linuxlite/workspace_v12/empty_CC2650STK_TI" --include_path="/home/linuxlite/workspace_v12/empty_CC2650STK_TI" --include_path="/home/linuxlite/ti/tirtos_cc13xx_cc26xx_2_21_01_08/products/cc26xxware_2_24_03_17272" --include_path="/home/linuxlite/ti/ccs1040/ccs/tools/compiler/ti-cgt-arm_20.2.5.LTS/include" --define=ccs -g --diag_warning=225 --diag_warning=255 --diag_wrap=off --display_error_number --gen_func_subsections=on --abi=eabi --preproc_with_compile --preproc_dependency="sensors/opt3001.d_raw" --obj_directory="sensors" --cmd_file="configPkg/compiler.opt"  "../sensors/opt3001.c"
 
>> Compilation failure
sensors/subdir_rules.mk:7: recipe for target 'sensors/opt3001.obj' failed
"../sensors/opt3001.c", line 99: error #31: expression must have integral type
"../sensors/opt3001.c", line 100: error #31: expression must have integral type
2 errors detected in the compilation of "../sensors/opt3001.c".
gmake: *** [sensors/opt3001.obj] Error 1
Building file: "../project_main.c"
Invoking: Arm Compiler
"/home/linuxlite/ti/ccs1040/ccs/tools/compiler/ti-cgt-arm_20.2.5.LTS/bin/armcl" -mv7M3 --code_state=16 --float_support=none -me --include_path="/home/linuxlite/workspace_v12/empty_CC2650STK_TI" --include_path="/home/linuxlite/workspace_v12/empty_CC2650STK_TI" --include_path="/home/linuxlite/ti/tirtos_cc13xx_cc26xx_2_21_01_08/products/cc26xxware_2_24_03_17272" --include_path="/home/linuxlite/ti/ccs1040/ccs/tools/compiler/ti-cgt-arm_20.2.5.LTS/include" --define=ccs -g --diag_warning=225 --diag_warning=255 --diag_wrap=off --display_error_number --gen_func_subsections=on --abi=eabi --preproc_with_compile --preproc_dependency="project_main.d_raw" --cmd_file="configPkg/compiler.opt"  "../project_main.c"
"../project_main.c", line 94: warning #179-D: variable "i2cMessage" was declared but never referenced
Finished building: "../project_main.c"
 
gmake: Target 'all' not remade because of errors.

**** Build Finished ****

**** Build of configuration Debug for project empty_CC2650STK_TI ****

/home/linuxlite/ti/ccs1040/ccs/utils/bin/gmake -k -j 2 all -O 
 
making ../src/sysbios/rom_sysbios.aem3 ...
gmake[1]: Nothing to be done for 'all'.
Building file: "../sensors/opt3001.c"
Invoking: Arm Compiler
"/home/linuxlite/ti/ccs1040/ccs/tools/compiler/ti-cgt-arm_20.2.5.LTS/bin/armcl" -mv7M3 --code_state=16 --float_support=none -me --include_path="/home/linuxlite/workspace_v12/empty_CC2650STK_TI" --include_path="/home/linuxlite/workspace_v12/empty_CC2650STK_TI" --include_path="/home/linuxlite/ti/tirtos_cc13xx_cc26xx_2_21_01_08/products/cc26xxware_2_24_03_17272" --include_path="/home/linuxlite/ti/ccs1040/ccs/tools/compiler/ti-cgt-arm_20.2.5.LTS/include" --define=ccs -g --diag_warning=225 --diag_warning=255 --diag_wrap=off --display_error_number --gen_func_subsections=on --abi=eabi --preproc_with_compile --preproc_dependency="sensors/opt3001.d_raw" --obj_directory="sensors" --cmd_file="configPkg/compiler.opt"  "../sensors/opt3001.c"
"../sensors/opt3001.c", line 99: warning #770-D: conversion from pointer to smaller integer
"../sensors/opt3001.c", line 100: warning #770-D: conversion from pointer to smaller integer
Finished building: "../sensors/opt3001.c"
 
making ../src/sysbios/rom_sysbios.aem3 ...
gmake[2]: Nothing to be done for 'all'.
Building target: "empty_CC2650STK_TI.out"
Invoking: Arm Linker
"/home/linuxlite/ti/ccs1040/ccs/tools/compiler/ti-cgt-arm_20.2.5.LTS/bin/armcl" -mv7M3 --code_state=16 --float_support=none -me --define=ccs -g --diag_warning=225 --diag_warning=255 --diag_wrap=off --display_error_number --gen_func_subsections=on --abi=eabi -z -m"empty_CC2650STK_TI.map" --heap_size=0 --stack_size=256 -i"/home/linuxlite/ti/ccs1040/ccs/tools/compiler/ti-cgt-arm_20.2.5.LTS/lib" -i"/home/linuxlite/ti/ccs1040/ccs/tools/compiler/ti-cgt-arm_20.2.5.LTS/include" --reread_libs --diag_wrap=off --display_error_number --warn_sections --xml_link_info="empty_CC2650STK_TI_linkInfo.xml" --rom_model -o "empty_CC2650STK_TI.out" "./CC2650STK.obj" "./ccfg.obj" "./project_main.obj" "./sensors/bmp280.obj" "./sensors/hdc1000.obj" "./sensors/mpu9250.obj" "./sensors/opt3001.obj" "./sensors/tmp007.obj" "../src/sysbios/m3_Hwi_asm.obj" "../src/sysbios/m3_Hwi_asm_switch.obj" "../src/sysbios/m3_IntrinsicsSupport_asm.obj" "../src/sysbios/m3_TaskSupport_asm.obj" "../src/sysbios/rom_sysbios.obj" "../CC2650STK.cmd" -l"configPkg/linker.cmd"  -l"/home/linuxlite/ti/tirtos_cc13xx_cc26xx_2_21_01_08/products/cc26xxware_2_24_03_17272/driverlib/bin/ccs/driverlib.lib" -llibc.a 
<Linking>
Finished building target: "empty_CC2650STK_TI.out"
 

**** Build Finished ****

**** Build of configuration Debug for project empty_CC2650STK_TI ****

/home/linuxlite/ti/ccs1040/ccs/utils/bin/gmake -k -j 2 all -O 
 
making ../src/sysbios/rom_sysbios.aem3 ...
gmake[1]: Nothing to be done for 'all'.
making ../src/sysbios/rom_sysbios.aem3 ...
gmake[2]: Nothing to be done for 'all'.

**** Build Finished ****

**** Build of configuration Debug for project empty_CC2650STK_TI ****

/home/linuxlite/ti/ccs1040/ccs/utils/bin/gmake -k -j 2 all -O 
 
making ../src/sysbios/rom_sysbios.aem3 ...
gmake[1]: Nothing to be done for 'all'.
making ../src/sysbios/rom_sysbios.aem3 ...
gmake[2]: Nothing to be done for 'all'.

**** Build Finished ****

**** Build of configuration Debug for project empty_CC2650STK_TI ****

/home/linuxlite/ti/ccs1040/ccs/utils/bin/gmake -k -j 2 all -O 
 
making ../src/sysbios/rom_sysbios.aem3 ...
gmake[1]: Nothing to be done for 'all'.
Building file: "../sensors/opt3001.c"
Invoking: Arm Compiler
"/home/linuxlite/ti/ccs1040/ccs/tools/compiler/ti-cgt-arm_20.2.5.LTS/bin/armcl" -mv7M3 --code_state=16 --float_support=none -me --include_path="/home/linuxlite/workspace_v12/empty_CC2650STK_TI" --include_path="/home/linuxlite/workspace_v12/empty_CC2650STK_TI" --include_path="/home/linuxlite/ti/tirtos_cc13xx_cc26xx_2_21_01_08/products/cc26xxware_2_24_03_17272" --include_path="/home/linuxlite/ti/ccs1040/ccs/tools/compiler/ti-cgt-arm_20.2.5.LTS/include" --define=ccs -g --diag_warning=225 --diag_warning=255 --diag_wrap=off --display_error_number --gen_func_subsections=on --abi=eabi --preproc_with_compile --preproc_dependency="sensors/opt3001.d_raw" --obj_directory="sensors" --cmd_file="configPkg/compiler.opt"  "../sensors/opt3001.c"
 
>> Compilation failure
sensors/subdir_rules.mk:7: recipe for target 'sensors/opt3001.obj' failed
"../sensors/opt3001.c", line 99: error #31: expression must have integral type
"../sensors/opt3001.c", line 100: error #31: expression must have integral type
2 errors detected in the compilation of "../sensors/opt3001.c".
gmake: *** [sensors/opt3001.obj] Error 1
gmake: Target 'all' not remade because of errors.

**** Build Finished ****

**** Build of configuration Debug for project empty_CC2650STK_TI ****

/home/linuxlite/ti/ccs1040/ccs/utils/bin/gmake -k -j 2 all -O 
 
making ../src/sysbios/rom_sysbios.aem3 ...
gmake[1]: Nothing to be done for 'all'.
Building file: "../sensors/opt3001.c"
Invoking: Arm Compiler
"/home/linuxlite/ti/ccs1040/ccs/tools/compiler/ti-cgt-arm_20.2.5.LTS/bin/armcl" -mv7M3 --code_state=16 --float_support=none -me --include_path="/home/linuxlite/workspace_v12/empty_CC2650STK_TI" --include_path="/home/linuxlite/workspace_v12/empty_CC2650STK_TI" --include_path="/home/linuxlite/ti/tirtos_cc13xx_cc26xx_2_21_01_08/products/cc26xxware_2_24_03_17272" --include_path="/home/linuxlite/ti/ccs1040/ccs/tools/compiler/ti-cgt-arm_20.2.5.LTS/include" --define=ccs -g --diag_warning=225 --diag_warning=255 --diag_wrap=off --display_error_number --gen_func_subsections=on --abi=eabi --preproc_with_compile --preproc_dependency="sensors/opt3001.d_raw" --obj_directory="sensors" --cmd_file="configPkg/compiler.opt"  "../sensors/opt3001.c"
Finished building: "../sensors/opt3001.c"
 
making ../src/sysbios/rom_sysbios.aem3 ...
gmake[2]: Nothing to be done for 'all'.
Building target: "empty_CC2650STK_TI.out"
Invoking: Arm Linker
"/home/linuxlite/ti/ccs1040/ccs/tools/compiler/ti-cgt-arm_20.2.5.LTS/bin/armcl" -mv7M3 --code_state=16 --float_support=none -me --define=ccs -g --diag_warning=225 --diag_warning=255 --diag_wrap=off --display_error_number --gen_func_subsections=on --abi=eabi -z -m"empty_CC2650STK_TI.map" --heap_size=0 --stack_size=256 -i"/home/linuxlite/ti/ccs1040/ccs/tools/compiler/ti-cgt-arm_20.2.5.LTS/lib" -i"/home/linuxlite/ti/ccs1040/ccs/tools/compiler/ti-cgt-arm_20.2.5.LTS/include" --reread_libs --diag_wrap=off --display_error_number --warn_sections --xml_link_info="empty_CC2650STK_TI_linkInfo.xml" --rom_model -o "empty_CC2650STK_TI.out" "./CC2650STK.obj" "./ccfg.obj" "./project_main.obj" "./sensors/bmp280.obj" "./sensors/hdc1000.obj" "./sensors/mpu9250.obj" "./sensors/opt3001.obj" "./sensors/tmp007.obj" "../src/sysbios/m3_Hwi_asm.obj" "../src/sysbios/m3_Hwi_asm_switch.obj" "../src/sysbios/m3_IntrinsicsSupport_asm.obj" "../src/sysbios/m3_TaskSupport_asm.obj" "../src/sysbios/rom_sysbios.obj" "../CC2650STK.cmd" -l"configPkg/linker.cmd"  -l"/home/linuxlite/ti/tirtos_cc13xx_cc26xx_2_21_01_08/products/cc26xxware_2_24_03_17272/driverlib/bin/ccs/driverlib.lib" -llibc.a 
<Linking>
Finished building target: "empty_CC2650STK_TI.out"
 

**** Build Finished ****

**** Build of configuration Debug for project empty_CC2650STK_TI ****

/home/linuxlite/ti/ccs1040/ccs/utils/bin/gmake -k -j 2 all -O 
 
making ../src/sysbios/rom_sysbios.aem3 ...
gmake[1]: Nothing to be done for 'all'.
making ../src/sysbios/rom_sysbios.aem3 ...
gmake[2]: Nothing to be done for 'all'.

**** Build Finished ****

**** Build of configuration Debug for project empty_CC2650STK_TI ****

/home/linuxlite/ti/ccs1040/ccs/utils/bin/gmake -k -j 2 all -O 
 
making ../src/sysbios/rom_sysbios.aem3 ...
gmake[1]: Nothing to be done for 'all'.
making ../src/sysbios/rom_sysbios.aem3 ...
gmake[2]: Nothing to be done for 'all'.

**** Build Finished ****

**** Build of configuration Debug for project empty_CC2650STK_TI ****

/home/linuxlite/ti/ccs1040/ccs/utils/bin/gmake -k -j 2 all -O 
 
making ../src/sysbios/rom_sysbios.aem3 ...
gmake[1]: Nothing to be done for 'all'.
making ../src/sysbios/rom_sysbios.aem3 ...
gmake[2]: Nothing to be done for 'all'.

**** Build Finished ****

**** Build of configuration Debug for project empty_CC2650STK_TI ****

/home/linuxlite/ti/ccs1040/ccs/utils/bin/gmake -k -j 2 all -O 
 
making ../src/sysbios/rom_sysbios.aem3 ...
gmake[1]: Nothing to be done for 'all'.
Building file: "../project_main.c"
Invoking: Arm Compiler
"/home/linuxlite/ti/ccs1040/ccs/tools/compiler/ti-cgt-arm_20.2.5.LTS/bin/armcl" -mv7M3 --code_state=16 --float_support=none -me --include_path="/home/linuxlite/workspace_v12/empty_CC2650STK_TI" --include_path="/home/linuxlite/workspace_v12/empty_CC2650STK_TI" --include_path="/home/linuxlite/ti/tirtos_cc13xx_cc26xx_2_21_01_08/products/cc26xxware_2_24_03_17272" --include_path="/home/linuxlite/ti/ccs1040/ccs/tools/compiler/ti-cgt-arm_20.2.5.LTS/include" --define=ccs -g --diag_warning=225 --diag_warning=255 --diag_wrap=off --display_error_number --gen_func_subsections=on --abi=eabi --preproc_with_compile --preproc_dependency="project_main.d_raw" --cmd_file="configPkg/compiler.opt"  "../project_main.c"
"../project_main.c", line 94: warning #179-D: variable "i2cMessage" was declared but never referenced
Finished building: "../project_main.c"
 
making ../src/sysbios/rom_sysbios.aem3 ...
gmake[2]: Nothing to be done for 'all'.
Building target: "empty_CC2650STK_TI.out"
Invoking: Arm Linker
"/home/linuxlite/ti/ccs1040/ccs/tools/compiler/ti-cgt-arm_20.2.5.LTS/bin/armcl" -mv7M3 --code_state=16 --float_support=none -me --define=ccs -g --diag_warning=225 --diag_warning=255 --diag_wrap=off --display_error_number --gen_func_subsections=on --abi=eabi -z -m"empty_CC2650STK_TI.map" --heap_size=0 --stack_size=256 -i"/home/linuxlite/ti/ccs1040/ccs/tools/compiler/ti-cgt-arm_20.2.5.LTS/lib" -i"/home/linuxlite/ti/ccs1040/ccs/tools/compiler/ti-cgt-arm_20.2.5.LTS/include" --reread_libs --diag_wrap=off --display_error_number --warn_sections --xml_link_info="empty_CC2650STK_TI_linkInfo.xml" --rom_model -o "empty_CC2650STK_TI.out" "./CC2650STK.obj" "./ccfg.obj" "./project_main.obj" "./sensors/bmp280.obj" "./sensors/hdc1000.obj" "./sensors/mpu9250.obj" "./sensors/opt3001.obj" "./sensors/tmp007.obj" "../src/sysbios/m3_Hwi_asm.obj" "../src/sysbios/m3_Hwi_asm_switch.obj" "../src/sysbios/m3_IntrinsicsSupport_asm.obj" "../src/sysbios/m3_TaskSupport_asm.obj" "../src/sysbios/rom_sysbios.obj" "../CC2650STK.cmd" -l"configPkg/linker.cmd"  -l"/home/linuxlite/ti/tirtos_cc13xx_cc26xx_2_21_01_08/products/cc26xxware_2_24_03_17272/driverlib/bin/ccs/driverlib.lib" -llibc.a 
<Linking>
Finished building target: "empty_CC2650STK_TI.out"
 

**** Build Finished ****

**** Build of configuration Debug for project empty_CC2650STK_TI ****

/home/linuxlite/ti/ccs1040/ccs/utils/bin/gmake -k -j 2 all -O 
 
making ../src/sysbios/rom_sysbios.aem3 ...
gmake[1]: Nothing to be done for 'all'.
making ../src/sysbios/rom_sysbios.aem3 ...
gmake[2]: Nothing to be done for 'all'.

**** Build Finished ****

**** Build of configuration Debug for project empty_CC2650STK_TI ****

/home/linuxlite/ti/ccs1040/ccs/utils/bin/gmake -k -j 2 all -O 
 
making ../src/sysbios/rom_sysbios.aem3 ...
gmake[1]: Nothing to be done for 'all'.
Building file: "../project_main.c"
Invoking: Arm Compiler
"/home/linuxlite/ti/ccs1040/ccs/tools/compiler/ti-cgt-arm_20.2.5.LTS/bin/armcl" -mv7M3 --code_state=16 --float_support=none -me --include_path="/home/linuxlite/workspace_v12/empty_CC2650STK_TI" --include_path="/home/linuxlite/workspace_v12/empty_CC2650STK_TI" --include_path="/home/linuxlite/ti/tirtos_cc13xx_cc26xx_2_21_01_08/products/cc26xxware_2_24_03_17272" --include_path="/home/linuxlite/ti/ccs1040/ccs/tools/compiler/ti-cgt-arm_20.2.5.LTS/include" --define=ccs -g --diag_warning=225 --diag_warning=255 --diag_wrap=off --display_error_number --gen_func_subsections=on --abi=eabi --preproc_with_compile --preproc_dependency="project_main.d_raw" --cmd_file="configPkg/compiler.opt"  "../project_main.c"
"../project_main.c", line 94: warning #179-D: variable "i2cMessage" was declared but never referenced
Finished building: "../project_main.c"
 
making ../src/sysbios/rom_sysbios.aem3 ...
gmake[2]: Nothing to be done for 'all'.
Building target: "empty_CC2650STK_TI.out"
Invoking: Arm Linker
"/home/linuxlite/ti/ccs1040/ccs/tools/compiler/ti-cgt-arm_20.2.5.LTS/bin/armcl" -mv7M3 --code_state=16 --float_support=none -me --define=ccs -g --diag_warning=225 --diag_warning=255 --diag_wrap=off --display_error_number --gen_func_subsections=on --abi=eabi -z -m"empty_CC2650STK_TI.map" --heap_size=0 --stack_size=256 -i"/home/linuxlite/ti/ccs1040/ccs/tools/compiler/ti-cgt-arm_20.2.5.LTS/lib" -i"/home/linuxlite/ti/ccs1040/ccs/tools/compiler/ti-cgt-arm_20.2.5.LTS/include" --reread_libs --diag_wrap=off --display_error_number --warn_sections --xml_link_info="empty_CC2650STK_TI_linkInfo.xml" --rom_model -o "empty_CC2650STK_TI.out" "./CC2650STK.obj" "./ccfg.obj" "./project_main.obj" "./sensors/bmp280.obj" "./sensors/hdc1000.obj" "./sensors/mpu9250.obj" "./sensors/opt3001.obj" "./sensors/tmp007.obj" "../src/sysbios/m3_Hwi_asm.obj" "../src/sysbios/m3_Hwi_asm_switch.obj" "../src/sysbios/m3_IntrinsicsSupport_asm.obj" "../src/sysbios/m3_TaskSupport_asm.obj" "../src/sysbios/rom_sysbios.obj" "../CC2650STK.cmd" -l"configPkg/linker.cmd"  -l"/home/linuxlite/ti/tirtos_cc13xx_cc26xx_2_21_01_08/products/cc26xxware_2_24_03_17272/driverlib/bin/ccs/driverlib.lib" -llibc.a 
<Linking>
Finished building target: "empty_CC2650STK_TI.out"
 

**** Build Finished ****

**** Build of configuration Debug for project empty_CC2650STK_TI ****

/home/linuxlite/ti/ccs1040/ccs/utils/bin/gmake -k -j 2 all -O 
 
making ../src/sysbios/rom_sysbios.aem3 ...
gmake[1]: Nothing to be done for 'all'.
making ../src/sysbios/rom_sysbios.aem3 ...
gmake[2]: Nothing to be done for 'all'.

**** Build Finished ****

**** Build of configuration Debug for project empty_CC2650STK_TI ****

/home/linuxlite/ti/ccs1040/ccs/utils/bin/gmake -k -j 2 all -O 
 
making ../src/sysbios/rom_sysbios.aem3 ...
gmake[1]: Nothing to be done for 'all'.
Building file: "../project_main.c"
Invoking: Arm Compiler
"/home/linuxlite/ti/ccs1040/ccs/tools/compiler/ti-cgt-arm_20.2.5.LTS/bin/armcl" -mv7M3 --code_state=16 --float_support=none -me --include_path="/home/linuxlite/workspace_v12/empty_CC2650STK_TI" --include_path="/home/linuxlite/workspace_v12/empty_CC2650STK_TI" --include_path="/home/linuxlite/ti/tirtos_cc13xx_cc26xx_2_21_01_08/products/cc26xxware_2_24_03_17272" --include_path="/home/linuxlite/ti/ccs1040/ccs/tools/compiler/ti-cgt-arm_20.2.5.LTS/include" --define=ccs -g --diag_warning=225 --diag_warning=255 --diag_wrap=off --display_error_number --gen_func_subsections=on --abi=eabi --preproc_with_compile --preproc_dependency="project_main.d_raw" --cmd_file="configPkg/compiler.opt"  "../project_main.c"
Finished building: "../project_main.c"
 
making ../src/sysbios/rom_sysbios.aem3 ...
gmake[2]: Nothing to be done for 'all'.
Building target: "empty_CC2650STK_TI.out"
Invoking: Arm Linker
"/home/linuxlite/ti/ccs1040/ccs/tools/compiler/ti-cgt-arm_20.2.5.LTS/bin/armcl" -mv7M3 --code_state=16 --float_support=none -me --define=ccs -g --diag_warning=225 --diag_warning=255 --diag_wrap=off --display_error_number --gen_func_subsections=on --abi=eabi -z -m"empty_CC2650STK_TI.map" --heap_size=0 --stack_size=256 -i"/home/linuxlite/ti/ccs1040/ccs/tools/compiler/ti-cgt-arm_20.2.5.LTS/lib" -i"/home/linuxlite/ti/ccs1040/ccs/tools/compiler/ti-cgt-arm_20.2.5.LTS/include" --reread_libs --diag_wrap=off --display_error_number --warn_sections --xml_link_info="empty_CC2650STK_TI_linkInfo.xml" --rom_model -o "empty_CC2650STK_TI.out" "./CC2650STK.obj" "./ccfg.obj" "./project_main.obj" "./sensors/bmp280.obj" "./sensors/hdc1000.obj" "./sensors/mpu9250.obj" "./sensors/opt3001.obj" "./sensors/tmp007.obj" "../src/sysbios/m3_Hwi_asm.obj" "../src/sysbios/m3_Hwi_asm_switch.obj" "../src/sysbios/m3_IntrinsicsSupport_asm.obj" "../src/sysbios/m3_TaskSupport_asm.obj" "../src/sysbios/rom_sysbios.obj" "../CC2650STK.cmd" -l"configPkg/linker.cmd"  -l"/home/linuxlite/ti/tirtos_cc13xx_cc26xx_2_21_01_08/products/cc26xxware_2_24_03_17272/driverlib/bin/ccs/driverlib.lib" -llibc.a 
<Linking>
Finished building target: "empty_CC2650STK_TI.out"
 

**** Build Finished ****

**** Build of configuration Debug for project empty_CC2650STK_TI ****

/home/linuxlite/ti/ccs1040/ccs/utils/bin/gmake -k -j 2 all -O 
 
making ../src/sysbios/rom_sysbios.aem3 ...
gmake[1]: Nothing to be done for 'all'.
making ../src/sysbios/rom_sysbios.aem3 ...
gmake[2]: Nothing to be done for 'all'.

**** Build Finished ****

**** Build of configuration Debug for project empty_CC2650STK_TI ****

/home/linuxlite/ti/ccs1040/ccs/utils/bin/gmake -k -j 2 all -O 
 
making ../src/sysbios/rom_sysbios.aem3 ...
gmake[1]: Nothing to be done for 'all'.
making ../src/sysbios/rom_sysbios.aem3 ...
gmake[2]: Nothing to be done for 'all'.

**** Build Finished ****

**** Build of configuration Debug for project empty_CC2650STK_TI ****

/home/linuxlite/ti/ccs1040/ccs/utils/bin/gmake -k -j 2 all -O 
 
making ../src/sysbios/rom_sysbios.aem3 ...
gmake[1]: Nothing to be done for 'all'.
Building file: "../project_main.c"
Invoking: Arm Compiler
"/home/linuxlite/ti/ccs1040/ccs/tools/compiler/ti-cgt-arm_20.2.5.LTS/bin/armcl" -mv7M3 --code_state=16 --float_support=none -me --include_path="/home/linuxlite/workspace_v12/empty_CC2650STK_TI" --include_path="/home/linuxlite/workspace_v12/empty_CC2650STK_TI" --include_path="/home/linuxlite/ti/tirtos_cc13xx_cc26xx_2_21_01_08/products/cc26xxware_2_24_03_17272" --include_path="/home/linuxlite/ti/ccs1040/ccs/tools/compiler/ti-cgt-arm_20.2.5.LTS/include" --define=ccs -g --diag_warning=225 --diag_warning=255 --diag_wrap=off --display_error_number --gen_func_subsections=on --abi=eabi --preproc_with_compile --preproc_dependency="project_main.d_raw" --cmd_file="configPkg/compiler.opt"  "../project_main.c"
Finished building: "../project_main.c"
 
making ../src/sysbios/rom_sysbios.aem3 ...
gmake[2]: Nothing to be done for 'all'.
Building target: "empty_CC2650STK_TI.out"
Invoking: Arm Linker
"/home/linuxlite/ti/ccs1040/ccs/tools/compiler/ti-cgt-arm_20.2.5.LTS/bin/armcl" -mv7M3 --code_state=16 --float_support=none -me --define=ccs -g --diag_warning=225 --diag_warning=255 --diag_wrap=off --display_error_number --gen_func_subsections=on --abi=eabi -z -m"empty_CC2650STK_TI.map" --heap_size=0 --stack_size=256 -i"/home/linuxlite/ti/ccs1040/ccs/tools/compiler/ti-cgt-arm_20.2.5.LTS/lib" -i"/home/linuxlite/ti/ccs1040/ccs/tools/compiler/ti-cgt-arm_20.2.5.LTS/include" --reread_libs --diag_wrap=off --display_error_number --warn_sections --xml_link_info="empty_CC2650STK_TI_linkInfo.xml" --rom_model -o "empty_CC2650STK_TI.out" "./CC2650STK.obj" "./ccfg.obj" "./project_main.obj" "./sensors/bmp280.obj" "./sensors/hdc1000.obj" "./sensors/mpu9250.obj" "./sensors/opt3001.obj" "./sensors/tmp007.obj" "../src/sysbios/m3_Hwi_asm.obj" "../src/sysbios/m3_Hwi_asm_switch.obj" "../src/sysbios/m3_IntrinsicsSupport_asm.obj" "../src/sysbios/m3_TaskSupport_asm.obj" "../src/sysbios/rom_sysbios.obj" "../CC2650STK.cmd" -l"configPkg/linker.cmd"  -l"/home/linuxlite/ti/tirtos_cc13xx_cc26xx_2_21_01_08/products/cc26xxware_2_24_03_17272/driverlib/bin/ccs/driverlib.lib" -llibc.a 
<Linking>
Finished building target: "empty_CC2650STK_TI.out"
 

**** Build Finished ****

**** Build of configuration Debug for project empty_CC2650STK_TI ****

/home/linuxlite/ti/ccs1040/ccs/utils/bin/gmake -k -j 2 all -O 
 
making ../src/sysbios/rom_sysbios.aem3 ...
gmake[1]: Nothing to be done for 'all'.
making ../src/sysbios/rom_sysbios.aem3 ...
gmake[2]: Nothing to be done for 'all'.

**** Build Finished ****

**** Build of configuration Debug for project empty_CC2650STK_TI ****

/home/linuxlite/ti/ccs1040/ccs/utils/bin/gmake -k -j 2 all -O 
 
making ../src/sysbios/rom_sysbios.aem3 ...
gmake[1]: Nothing to be done for 'all'.
Building file: "../project_main.c"
Invoking: Arm Compiler
"/home/linuxlite/ti/ccs1040/ccs/tools/compiler/ti-cgt-arm_20.2.5.LTS/bin/armcl" -mv7M3 --code_state=16 --float_support=none -me --include_path="/home/linuxlite/workspace_v12/empty_CC2650STK_TI" --include_path="/home/linuxlite/workspace_v12/empty_CC2650STK_TI" --include_path="/home/linuxlite/ti/tirtos_cc13xx_cc26xx_2_21_01_08/products/cc26xxware_2_24_03_17272" --include_path="/home/linuxlite/ti/ccs1040/ccs/tools/compiler/ti-cgt-arm_20.2.5.LTS/include" --define=ccs -g --diag_warning=225 --diag_warning=255 --diag_wrap=off --display_error_number --gen_func_subsections=on --abi=eabi --preproc_with_compile --preproc_dependency="project_main.d_raw" --cmd_file="configPkg/compiler.opt"  "../project_main.c"
 
>> Compilation failure
subdir_rules.mk:7: recipe for target 'project_main.obj' failed
"../project_main.c", line 123: error #66: expected a ";"
1 error detected in the compilation of "../project_main.c".
gmake: *** [project_main.obj] Error 1
gmake: Target 'all' not remade because of errors.

**** Build Finished ****

**** Build of configuration Debug for project empty_CC2650STK_TI ****

/home/linuxlite/ti/ccs1040/ccs/utils/bin/gmake -k -j 2 all -O 
 
making ../src/sysbios/rom_sysbios.aem3 ...
gmake[1]: Nothing to be done for 'all'.
Building file: "../project_main.c"
Invoking: Arm Compiler
"/home/linuxlite/ti/ccs1040/ccs/tools/compiler/ti-cgt-arm_20.2.5.LTS/bin/armcl" -mv7M3 --code_state=16 --float_support=none -me --include_path="/home/linuxlite/workspace_v12/empty_CC2650STK_TI" --include_path="/home/linuxlite/workspace_v12/empty_CC2650STK_TI" --include_path="/home/linuxlite/ti/tirtos_cc13xx_cc26xx_2_21_01_08/products/cc26xxware_2_24_03_17272" --include_path="/home/linuxlite/ti/ccs1040/ccs/tools/compiler/ti-cgt-arm_20.2.5.LTS/include" --define=ccs -g --diag_warning=225 --diag_warning=255 --diag_wrap=off --display_error_number --gen_func_subsections=on --abi=eabi --preproc_with_compile --preproc_dependency="project_main.d_raw" --cmd_file="configPkg/compiler.opt"  "../project_main.c"
Finished building: "../project_main.c"
 
making ../src/sysbios/rom_sysbios.aem3 ...
gmake[2]: Nothing to be done for 'all'.
Building target: "empty_CC2650STK_TI.out"
Invoking: Arm Linker
"/home/linuxlite/ti/ccs1040/ccs/tools/compiler/ti-cgt-arm_20.2.5.LTS/bin/armcl" -mv7M3 --code_state=16 --float_support=none -me --define=ccs -g --diag_warning=225 --diag_warning=255 --diag_wrap=off --display_error_number --gen_func_subsections=on --abi=eabi -z -m"empty_CC2650STK_TI.map" --heap_size=0 --stack_size=256 -i"/home/linuxlite/ti/ccs1040/ccs/tools/compiler/ti-cgt-arm_20.2.5.LTS/lib" -i"/home/linuxlite/ti/ccs1040/ccs/tools/compiler/ti-cgt-arm_20.2.5.LTS/include" --reread_libs --diag_wrap=off --display_error_number --warn_sections --xml_link_info="empty_CC2650STK_TI_linkInfo.xml" --rom_model -o "empty_CC2650STK_TI.out" "./CC2650STK.obj" "./ccfg.obj" "./project_main.obj" "./sensors/bmp280.obj" "./sensors/hdc1000.obj" "./sensors/mpu9250.obj" "./sensors/opt3001.obj" "./sensors/tmp007.obj" "../src/sysbios/m3_Hwi_asm.obj" "../src/sysbios/m3_Hwi_asm_switch.obj" "../src/sysbios/m3_IntrinsicsSupport_asm.obj" "../src/sysbios/m3_TaskSupport_asm.obj" "../src/sysbios/rom_sysbios.obj" "../CC2650STK.cmd" -l"configPkg/linker.cmd"  -l"/home/linuxlite/ti/tirtos_cc13xx_cc26xx_2_21_01_08/products/cc26xxware_2_24_03_17272/driverlib/bin/ccs/driverlib.lib" -llibc.a 
<Linking>
Finished building target: "empty_CC2650STK_TI.out"
 

**** Build Finished ****

**** Build of configuration Debug for project empty_CC2650STK_TI ****

/home/linuxlite/ti/ccs1040/ccs/utils/bin/gmake -k -j 2 all -O 
 
making ../src/sysbios/rom_sysbios.aem3 ...
gmake[1]: Nothing to be done for 'all'.
making ../src/sysbios/rom_sysbios.aem3 ...
gmake[2]: Nothing to be done for 'all'.

**** Build Finished ****

**** Build of configuration Debug for project empty_CC2650STK_TI ****

/home/linuxlite/ti/ccs1040/ccs/utils/bin/gmake -k -j 2 all -O 
 
making ../src/sysbios/rom_sysbios.aem3 ...
gmake[1]: Nothing to be done for 'all'.
Building file: "../project_main.c"
Invoking: Arm Compiler
"/home/linuxlite/ti/ccs1040/ccs/tools/compiler/ti-cgt-arm_20.2.5.LTS/bin/armcl" -mv7M3 --code_state=16 --float_support=none -me --include_path="/home/linuxlite/workspace_v12/empty_CC2650STK_TI" --include_path="/home/linuxlite/workspace_v12/empty_CC2650STK_TI" --include_path="/home/linuxlite/ti/tirtos_cc13xx_cc26xx_2_21_01_08/products/cc26xxware_2_24_03_17272" --include_path="/home/linuxlite/ti/ccs1040/ccs/tools/compiler/ti-cgt-arm_20.2.5.LTS/include" --define=ccs -g --diag_warning=225 --diag_warning=255 --diag_wrap=off --display_error_number --gen_func_subsections=on --abi=eabi --preproc_with_compile --preproc_dependency="project_main.d_raw" --cmd_file="configPkg/compiler.opt"  "../project_main.c"
Finished building: "../project_main.c"
 
making ../src/sysbios/rom_sysbios.aem3 ...
gmake[2]: Nothing to be done for 'all'.
Building target: "empty_CC2650STK_TI.out"
Invoking: Arm Linker
"/home/linuxlite/ti/ccs1040/ccs/tools/compiler/ti-cgt-arm_20.2.5.LTS/bin/armcl" -mv7M3 --code_state=16 --float_support=none -me --define=ccs -g --diag_warning=225 --diag_warning=255 --diag_wrap=off --display_error_number --gen_func_subsections=on --abi=eabi -z -m"empty_CC2650STK_TI.map" --heap_size=0 --stack_size=256 -i"/home/linuxlite/ti/ccs1040/ccs/tools/compiler/ti-cgt-arm_20.2.5.LTS/lib" -i"/home/linuxlite/ti/ccs1040/ccs/tools/compiler/ti-cgt-arm_20.2.5.LTS/include" --reread_libs --diag_wrap=off --display_error_number --warn_sections --xml_link_info="empty_CC2650STK_TI_linkInfo.xml" --rom_model -o "empty_CC2650STK_TI.out" "./CC2650STK.obj" "./ccfg.obj" "./project_main.obj" "./sensors/bmp280.obj" "./sensors/hdc1000.obj" "./sensors/mpu9250.obj" "./sensors/opt3001.obj" "./sensors/tmp007.obj" "../src/sysbios/m3_Hwi_asm.obj" "../src/sysbios/m3_Hwi_asm_switch.obj" "../src/sysbios/m3_IntrinsicsSupport_asm.obj" "../src/sysbios/m3_TaskSupport_asm.obj" "../src/sysbios/rom_sysbios.obj" "../CC2650STK.cmd" -l"configPkg/linker.cmd"  -l"/home/linuxlite/ti/tirtos_cc13xx_cc26xx_2_21_01_08/products/cc26xxware_2_24_03_17272/driverlib/bin/ccs/driverlib.lib" -llibc.a 
<Linking>
Finished building target: "empty_CC2650STK_TI.out"
 

**** Build Finished ****

**** Build of configuration Debug for project empty_CC2650STK_TI ****

/home/linuxlite/ti/ccs1040/ccs/utils/bin/gmake -k -j 2 all -O 
 
making ../src/sysbios/rom_sysbios.aem3 ...
gmake[1]: Nothing to be done for 'all'.
making ../src/sysbios/rom_sysbios.aem3 ...
gmake[2]: Nothing to be done for 'all'.

**** Build Finished ****

**** Build of configuration Debug for project empty_CC2650STK_TI ****

/home/linuxlite/ti/ccs1040/ccs/utils/bin/gmake -k -j 2 all -O 
 
making ../src/sysbios/rom_sysbios.aem3 ...
gmake[1]: Nothing to be done for 'all'.
Building file: "../project_main.c"
Invoking: Arm Compiler
"/home/linuxlite/ti/ccs1040/ccs/tools/compiler/ti-cgt-arm_20.2.5.LTS/bin/armcl" -mv7M3 --code_state=16 --float_support=none -me --include_path="/home/linuxlite/workspace_v12/empty_CC2650STK_TI" --include_path="/home/linuxlite/workspace_v12/empty_CC2650STK_TI" --include_path="/home/linuxlite/ti/tirtos_cc13xx_cc26xx_2_21_01_08/products/cc26xxware_2_24_03_17272" --include_path="/home/linuxlite/ti/ccs1040/ccs/tools/compiler/ti-cgt-arm_20.2.5.LTS/include" --define=ccs -g --diag_warning=225 --diag_warning=255 --diag_wrap=off --display_error_number --gen_func_subsections=on --abi=eabi --preproc_with_compile --preproc_dependency="project_main.d_raw" --cmd_file="configPkg/compiler.opt"  "../project_main.c"
Finished building: "../project_main.c"
 
making ../src/sysbios/rom_sysbios.aem3 ...
gmake[2]: Nothing to be done for 'all'.
Building target: "empty_CC2650STK_TI.out"
Invoking: Arm Linker
"/home/linuxlite/ti/ccs1040/ccs/tools/compiler/ti-cgt-arm_20.2.5.LTS/bin/armcl" -mv7M3 --code_state=16 --float_support=none -me --define=ccs -g --diag_warning=225 --diag_warning=255 --diag_wrap=off --display_error_number --gen_func_subsections=on --abi=eabi -z -m"empty_CC2650STK_TI.map" --heap_size=0 --stack_size=256 -i"/home/linuxlite/ti/ccs1040/ccs/tools/compiler/ti-cgt-arm_20.2.5.LTS/lib" -i"/home/linuxlite/ti/ccs1040/ccs/tools/compiler/ti-cgt-arm_20.2.5.LTS/include" --reread_libs --diag_wrap=off --display_error_number --warn_sections --xml_link_info="empty_CC2650STK_TI_linkInfo.xml" --rom_model -o "empty_CC2650STK_TI.out" "./CC2650STK.obj" "./ccfg.obj" "./project_main.obj" "./sensors/bmp280.obj" "./sensors/hdc1000.obj" "./sensors/mpu9250.obj" "./sensors/opt3001.obj" "./sensors/tmp007.obj" "../src/sysbios/m3_Hwi_asm.obj" "../src/sysbios/m3_Hwi_asm_switch.obj" "../src/sysbios/m3_IntrinsicsSupport_asm.obj" "../src/sysbios/m3_TaskSupport_asm.obj" "../src/sysbios/rom_sysbios.obj" "../CC2650STK.cmd" -l"configPkg/linker.cmd"  -l"/home/linuxlite/ti/tirtos_cc13xx_cc26xx_2_21_01_08/products/cc26xxware_2_24_03_17272/driverlib/bin/ccs/driverlib.lib" -llibc.a 
<Linking>
Finished building target: "empty_CC2650STK_TI.out"
 

**** Build Finished ****

**** Build of configuration Debug for project empty_CC2650STK_TI ****

/home/linuxlite/ti/ccs1040/ccs/utils/bin/gmake -k -j 2 all -O 
 
making ../src/sysbios/rom_sysbios.aem3 ...
gmake[1]: Nothing to be done for 'all'.
making ../src/sysbios/rom_sysbios.aem3 ...
gmake[2]: Nothing to be done for 'all'.

**** Build Finished ****

**** Build of configuration Debug for project empty_CC2650STK_TI ****

/home/linuxlite/ti/ccs1040/ccs/utils/bin/gmake -k -j 2 all -O 
 
making ../src/sysbios/rom_sysbios.aem3 ...
gmake[1]: Nothing to be done for 'all'.
Building file: "../project_main.c"
Invoking: Arm Compiler
"/home/linuxlite/ti/ccs1040/ccs/tools/compiler/ti-cgt-arm_20.2.5.LTS/bin/armcl" -mv7M3 --code_state=16 --float_support=none -me --include_path="/home/linuxlite/workspace_v12/empty_CC2650STK_TI" --include_path="/home/linuxlite/workspace_v12/empty_CC2650STK_TI" --include_path="/home/linuxlite/ti/tirtos_cc13xx_cc26xx_2_21_01_08/products/cc26xxware_2_24_03_17272" --include_path="/home/linuxlite/ti/ccs1040/ccs/tools/compiler/ti-cgt-arm_20.2.5.LTS/include" --define=ccs -g --diag_warning=225 --diag_warning=255 --diag_wrap=off --display_error_number --gen_func_subsections=on --abi=eabi --preproc_with_compile --preproc_dependency="project_main.d_raw" --cmd_file="configPkg/compiler.opt"  "../project_main.c"
Finished building: "../project_main.c"
 
making ../src/sysbios/rom_sysbios.aem3 ...
gmake[2]: Nothing to be done for 'all'.
Building target: "empty_CC2650STK_TI.out"
Invoking: Arm Linker
"/home/linuxlite/ti/ccs1040/ccs/tools/compiler/ti-cgt-arm_20.2.5.LTS/bin/armcl" -mv7M3 --code_state=16 --float_support=none -me --define=ccs -g --diag_warning=225 --diag_warning=255 --diag_wrap=off --display_error_number --gen_func_subsections=on --abi=eabi -z -m"empty_CC2650STK_TI.map" --heap_size=0 --stack_size=256 -i"/home/linuxlite/ti/ccs1040/ccs/tools/compiler/ti-cgt-arm_20.2.5.LTS/lib" -i"/home/linuxlite/ti/ccs1040/ccs/tools/compiler/ti-cgt-arm_20.2.5.LTS/include" --reread_libs --diag_wrap=off --display_error_number --warn_sections --xml_link_info="empty_CC2650STK_TI_linkInfo.xml" --rom_model -o "empty_CC2650STK_TI.out" "./CC2650STK.obj" "./ccfg.obj" "./project_main.obj" "./sensors/bmp280.obj" "./sensors/hdc1000.obj" "./sensors/mpu9250.obj" "./sensors/opt3001.obj" "./sensors/tmp007.obj" "../src/sysbios/m3_Hwi_asm.obj" "../src/sysbios/m3_Hwi_asm_switch.obj" "../src/sysbios/m3_IntrinsicsSupport_asm.obj" "../src/sysbios/m3_TaskSupport_asm.obj" "../src/sysbios/rom_sysbios.obj" "../CC2650STK.cmd" -l"configPkg/linker.cmd"  -l"/home/linuxlite/ti/tirtos_cc13xx_cc26xx_2_21_01_08/products/cc26xxware_2_24_03_17272/driverlib/bin/ccs/driverlib.lib" -llibc.a 
<Linking>
Finished building target: "empty_CC2650STK_TI.out"
 

**** Build Finished ****

**** Build of configuration Debug for project empty_CC2650STK_TI ****

/home/linuxlite/ti/ccs1040/ccs/utils/bin/gmake -k -j 2 all -O 
 
making ../src/sysbios/rom_sysbios.aem3 ...
gmake[1]: Nothing to be done for 'all'.
making ../src/sysbios/rom_sysbios.aem3 ...
gmake[2]: Nothing to be done for 'all'.

**** Build Finished ****

**** Build of configuration Debug for project empty_CC2650STK_TI ****

/home/linuxlite/ti/ccs1040/ccs/utils/bin/gmake -k -j 2 all -O 
 
making ../src/sysbios/rom_sysbios.aem3 ...
gmake[1]: Nothing to be done for 'all'.
making ../src/sysbios/rom_sysbios.aem3 ...
gmake[2]: Nothing to be done for 'all'.

**** Build Finished ****

**** Build of configuration Debug for project empty_CC2650STK_TI ****

/home/linuxlite/ti/ccs1040/ccs/utils/bin/gmake -k -j 2 all -O 
 
making ../src/sysbios/rom_sysbios.aem3 ...
gmake[1]: Nothing to be done for 'all'.
making ../src/sysbios/rom_sysbios.aem3 ...
gmake[2]: Nothing to be done for 'all'.

**** Build Finished ****

**** Build of configuration Debug for project empty_CC2650STK_TI ****

/home/linuxlite/ti/ccs1040/ccs/utils/bin/gmake -k -j 2 all -O 
 
making ../src/sysbios/rom_sysbios.aem3 ...
gmake[1]: Nothing to be done for 'all'.
making ../src/sysbios/rom_sysbios.aem3 ...
gmake[2]: Nothing to be done for 'all'.

**** Build Finished ****

**** Build of configuration Debug for project empty_CC2650STK_TI ****

/home/linuxlite/ti/ccs1040/ccs/utils/bin/gmake -k -j 2 all -O 
 
making ../src/sysbios/rom_sysbios.aem3 ...
gmake[1]: Nothing to be done for 'all'.
making ../src/sysbios/rom_sysbios.aem3 ...
gmake[2]: Nothing to be done for 'all'.

**** Build Finished ****

**** Build of configuration Debug for project empty_CC2650STK_TI ****

/home/linuxlite/ti/ccs1040/ccs/utils/bin/gmake -k -j 2 all -O 
 
making ../src/sysbios/rom_sysbios.aem3 ...
gmake[1]: Nothing to be done for 'all'.
making ../src/sysbios/rom_sysbios.aem3 ...
gmake[2]: Nothing to be done for 'all'.

**** Build Finished ****

**** Build of configuration Debug for project empty_CC2650STK_TI ****

/home/linuxlite/ti/ccs1040/ccs/utils/bin/gmake -k -j 2 all -O 
 
making ../src/sysbios/rom_sysbios.aem3 ...
gmake[1]: Nothing to be done for 'all'.
making ../src/sysbios/rom_sysbios.aem3 ...
gmake[2]: Nothing to be done for 'all'.

**** Build Finished ****

**** Build of configuration Debug for project empty_CC2650STK_TI ****

/home/linuxlite/ti/ccs1040/ccs/utils/bin/gmake -k -j 2 all -O 
 
making ../src/sysbios/rom_sysbios.aem3 ...
gmake[1]: Nothing to be done for 'all'.
Building file: "../project_main.c"
Invoking: Arm Compiler
"/home/linuxlite/ti/ccs1040/ccs/tools/compiler/ti-cgt-arm_20.2.5.LTS/bin/armcl" -mv7M3 --code_state=16 --float_support=none -me --include_path="/home/linuxlite/workspace_v12/empty_CC2650STK_TI" --include_path="/home/linuxlite/workspace_v12/empty_CC2650STK_TI" --include_path="/home/linuxlite/ti/tirtos_cc13xx_cc26xx_2_21_01_08/products/cc26xxware_2_24_03_17272" --include_path="/home/linuxlite/ti/ccs1040/ccs/tools/compiler/ti-cgt-arm_20.2.5.LTS/include" --define=ccs -g --diag_warning=225 --diag_warning=255 --diag_wrap=off --display_error_number --gen_func_subsections=on --abi=eabi --preproc_with_compile --preproc_dependency="project_main.d_raw" --cmd_file="configPkg/compiler.opt"  "../project_main.c"
Finished building: "../project_main.c"
 
making ../src/sysbios/rom_sysbios.aem3 ...
gmake[2]: Nothing to be done for 'all'.
Building target: "empty_CC2650STK_TI.out"
Invoking: Arm Linker
"/home/linuxlite/ti/ccs1040/ccs/tools/compiler/ti-cgt-arm_20.2.5.LTS/bin/armcl" -mv7M3 --code_state=16 --float_support=none -me --define=ccs -g --diag_warning=225 --diag_warning=255 --diag_wrap=off --display_error_number --gen_func_subsections=on --abi=eabi -z -m"empty_CC2650STK_TI.map" --heap_size=0 --stack_size=256 -i"/home/linuxlite/ti/ccs1040/ccs/tools/compiler/ti-cgt-arm_20.2.5.LTS/lib" -i"/home/linuxlite/ti/ccs1040/ccs/tools/compiler/ti-cgt-arm_20.2.5.LTS/include" --reread_libs --diag_wrap=off --display_error_number --warn_sections --xml_link_info="empty_CC2650STK_TI_linkInfo.xml" --rom_model -o "empty_CC2650STK_TI.out" "./CC2650STK.obj" "./ccfg.obj" "./project_main.obj" "./sensors/bmp280.obj" "./sensors/hdc1000.obj" "./sensors/mpu9250.obj" "./sensors/opt3001.obj" "./sensors/tmp007.obj" "../CC2650STK.cmd" -l"configPkg/linker.cmd"  -l"/home/linuxlite/ti/tirtos_cc13xx_cc26xx_2_21_01_08/products/cc26xxware_2_24_03_17272/driverlib/bin/ccs/driverlib.lib" -llibc.a 
<Linking>
Finished building target: "empty_CC2650STK_TI.out"
 

**** Build Finished ****

**** Build of configuration Debug for project empty_CC2650STK_TI ****

/home/linuxlite/ti/ccs1040/ccs/utils/bin/gmake -k -j 2 all -O 
 
making ../src/sysbios/rom_sysbios.aem3 ...
gmake[1]: Nothing to be done for 'all'.
Building file: "../project_main.c"
Invoking: Arm Compiler
"/home/linuxlite/ti/ccs1040/ccs/tools/compiler/ti-cgt-arm_20.2.5.LTS/bin/armcl" -mv7M3 --code_state=16 --float_support=none -me --include_path="/home/linuxlite/workspace_v12/empty_CC2650STK_TI" --include_path="/home/linuxlite/workspace_v12/empty_CC2650STK_TI" --include_path="/home/linuxlite/ti/tirtos_cc13xx_cc26xx_2_21_01_08/products/cc26xxware_2_24_03_17272" --include_path="/home/linuxlite/ti/ccs1040/ccs/tools/compiler/ti-cgt-arm_20.2.5.LTS/include" --define=ccs -g --diag_warning=225 --diag_warning=255 --diag_wrap=off --display_error_number --gen_func_subsections=on --abi=eabi --preproc_with_compile --preproc_dependency="project_main.d_raw" --cmd_file="configPkg/compiler.opt"  "../project_main.c"
"../project_main.c", line 100: warning #225-D: function "strlen" declared implicitly
Finished building: "../project_main.c"
 
making ../src/sysbios/rom_sysbios.aem3 ...
gmake[2]: Nothing to be done for 'all'.
Building target: "empty_CC2650STK_TI.out"
Invoking: Arm Linker
"/home/linuxlite/ti/ccs1040/ccs/tools/compiler/ti-cgt-arm_20.2.5.LTS/bin/armcl" -mv7M3 --code_state=16 --float_support=none -me --define=ccs -g --diag_warning=225 --diag_warning=255 --diag_wrap=off --display_error_number --gen_func_subsections=on --abi=eabi -z -m"empty_CC2650STK_TI.map" --heap_size=0 --stack_size=256 -i"/home/linuxlite/ti/ccs1040/ccs/tools/compiler/ti-cgt-arm_20.2.5.LTS/lib" -i"/home/linuxlite/ti/ccs1040/ccs/tools/compiler/ti-cgt-arm_20.2.5.LTS/include" --reread_libs --diag_wrap=off --display_error_number --warn_sections --xml_link_info="empty_CC2650STK_TI_linkInfo.xml" --rom_model -o "empty_CC2650STK_TI.out" "./CC2650STK.obj" "./ccfg.obj" "./project_main.obj" "./sensors/bmp280.obj" "./sensors/hdc1000.obj" "./sensors/mpu9250.obj" "./sensors/opt3001.obj" "./sensors/tmp007.obj" "../CC2650STK.cmd" -l"configPkg/linker.cmd"  -l"/home/linuxlite/ti/tirtos_cc13xx_cc26xx_2_21_01_08/products/cc26xxware_2_24_03_17272/driverlib/bin/ccs/driverlib.lib" -llibc.a 
<Linking>
Finished building target: "empty_CC2650STK_TI.out"
 

**** Build Finished ****

**** Build of configuration Debug for project empty_CC2650STK_TI ****

/home/linuxlite/ti/ccs1040/ccs/utils/bin/gmake -k -j 2 all -O 
 
making ../src/sysbios/rom_sysbios.aem3 ...
gmake[1]: Nothing to be done for 'all'.
Building file: "../project_main.c"
Invoking: Arm Compiler
"/home/linuxlite/ti/ccs1040/ccs/tools/compiler/ti-cgt-arm_20.2.5.LTS/bin/armcl" -mv7M3 --code_state=16 --float_support=none -me --include_path="/home/linuxlite/workspace_v12/empty_CC2650STK_TI" --include_path="/home/linuxlite/workspace_v12/empty_CC2650STK_TI" --include_path="/home/linuxlite/ti/tirtos_cc13xx_cc26xx_2_21_01_08/products/cc26xxware_2_24_03_17272" --include_path="/home/linuxlite/ti/ccs1040/ccs/tools/compiler/ti-cgt-arm_20.2.5.LTS/include" --define=ccs -g --diag_warning=225 --diag_warning=255 --diag_wrap=off --display_error_number --gen_func_subsections=on --abi=eabi --preproc_with_compile --preproc_dependency="project_main.d_raw" --cmd_file="configPkg/compiler.opt"  "../project_main.c"
Finished building: "../project_main.c"
 
making ../src/sysbios/rom_sysbios.aem3 ...
gmake[2]: Nothing to be done for 'all'.
Building target: "empty_CC2650STK_TI.out"
Invoking: Arm Linker
"/home/linuxlite/ti/ccs1040/ccs/tools/compiler/ti-cgt-arm_20.2.5.LTS/bin/armcl" -mv7M3 --code_state=16 --float_support=none -me --define=ccs -g --diag_warning=225 --diag_warning=255 --diag_wrap=off --display_error_number --gen_func_subsections=on --abi=eabi -z -m"empty_CC2650STK_TI.map" --heap_size=0 --stack_size=256 -i"/home/linuxlite/ti/ccs1040/ccs/tools/compiler/ti-cgt-arm_20.2.5.LTS/lib" -i"/home/linuxlite/ti/ccs1040/ccs/tools/compiler/ti-cgt-arm_20.2.5.LTS/include" --reread_libs --diag_wrap=off --display_error_number --warn_sections --xml_link_info="empty_CC2650STK_TI_linkInfo.xml" --rom_model -o "empty_CC2650STK_TI.out" "./CC2650STK.obj" "./ccfg.obj" "./project_main.obj" "./sensors/bmp280.obj" "./sensors/hdc1000.obj" "./sensors/mpu9250.obj" "./sensors/opt3001.obj" "./sensors/tmp007.obj" "../CC2650STK.cmd" -l"configPkg/linker.cmd"  -l"/home/linuxlite/ti/tirtos_cc13xx_cc26xx_2_21_01_08/products/cc26xxware_2_24_03_17272/driverlib/bin/ccs/driverlib.lib" -llibc.a 
<Linking>
Finished building target: "empty_CC2650STK_TI.out"
 

**** Build Finished ****

**** Build of configuration Debug for project empty_CC2650STK_TI ****

/home/linuxlite/ti/ccs1040/ccs/utils/bin/gmake -k -j 2 all -O 
 
making ../src/sysbios/rom_sysbios.aem3 ...
gmake[1]: Nothing to be done for 'all'.
making ../src/sysbios/rom_sysbios.aem3 ...
gmake[2]: Nothing to be done for 'all'.

**** Build Finished ****

**** Build of configuration Debug for project empty_CC2650STK_TI ****

/home/linuxlite/ti/ccs1040/ccs/utils/bin/gmake -k -j 2 all -O 
 
making ../src/sysbios/rom_sysbios.aem3 ...
gmake[1]: Nothing to be done for 'all'.
Building file: "../project_main.c"
Invoking: Arm Compiler
"/home/linuxlite/ti/ccs1040/ccs/tools/compiler/ti-cgt-arm_20.2.5.LTS/bin/armcl" -mv7M3 --code_state=16 --float_support=none -me --include_path="/home/linuxlite/workspace_v12/empty_CC2650STK_TI" --include_path="/home/linuxlite/workspace_v12/empty_CC2650STK_TI" --include_path="/home/linuxlite/ti/tirtos_cc13xx_cc26xx_2_21_01_08/products/cc26xxware_2_24_03_17272" --include_path="/home/linuxlite/ti/ccs1040/ccs/tools/compiler/ti-cgt-arm_20.2.5.LTS/include" --define=ccs -g --diag_warning=225 --diag_warning=255 --diag_wrap=off --display_error_number --gen_func_subsections=on --abi=eabi --preproc_with_compile --preproc_dependency="project_main.d_raw" --cmd_file="configPkg/compiler.opt"  "../project_main.c"
Finished building: "../project_main.c"
 
making ../src/sysbios/rom_sysbios.aem3 ...
gmake[2]: Nothing to be done for 'all'.
Building target: "empty_CC2650STK_TI.out"
Invoking: Arm Linker
"/home/linuxlite/ti/ccs1040/ccs/tools/compiler/ti-cgt-arm_20.2.5.LTS/bin/armcl" -mv7M3 --code_state=16 --float_support=none -me --define=ccs -g --diag_warning=225 --diag_warning=255 --diag_wrap=off --display_error_number --gen_func_subsections=on --abi=eabi -z -m"empty_CC2650STK_TI.map" --heap_size=0 --stack_size=256 -i"/home/linuxlite/ti/ccs1040/ccs/tools/compiler/ti-cgt-arm_20.2.5.LTS/lib" -i"/home/linuxlite/ti/ccs1040/ccs/tools/compiler/ti-cgt-arm_20.2.5.LTS/include" --reread_libs --diag_wrap=off --display_error_number --warn_sections --xml_link_info="empty_CC2650STK_TI_linkInfo.xml" --rom_model -o "empty_CC2650STK_TI.out" "./CC2650STK.obj" "./ccfg.obj" "./project_main.obj" "./sensors/bmp280.obj" "./sensors/hdc1000.obj" "./sensors/mpu9250.obj" "./sensors/opt3001.obj" "./sensors/tmp007.obj" "../CC2650STK.cmd" -l"configPkg/linker.cmd"  -l"/home/linuxlite/ti/tirtos_cc13xx_cc26xx_2_21_01_08/products/cc26xxware_2_24_03_17272/driverlib/bin/ccs/driverlib.lib" -llibc.a 
<Linking>
Finished building target: "empty_CC2650STK_TI.out"
 

**** Build Finished ****

**** Build of configuration Debug for project empty_CC2650STK_TI ****

/home/linuxlite/ti/ccs1040/ccs/utils/bin/gmake -k -j 2 all -O 
 
making ../src/sysbios/rom_sysbios.aem3 ...
gmake[1]: Nothing to be done for 'all'.
making ../src/sysbios/rom_sysbios.aem3 ...
gmake[2]: Nothing to be done for 'all'.

**** Build Finished ****

**** Build of configuration Debug for project empty_CC2650STK_TI ****

/home/linuxlite/ti/ccs1040/ccs/utils/bin/gmake -k -j 2 all -O 
 
making ../src/sysbios/rom_sysbios.aem3 ...
gmake[1]: Nothing to be done for 'all'.
Building file: "../project_main.c"
Invoking: Arm Compiler
"/home/linuxlite/ti/ccs1040/ccs/tools/compiler/ti-cgt-arm_20.2.5.LTS/bin/armcl" -mv7M3 --code_state=16 --float_support=none -me --include_path="/home/linuxlite/workspace_v12/empty_CC2650STK_TI" --include_path="/home/linuxlite/workspace_v12/empty_CC2650STK_TI" --include_path="/home/linuxlite/ti/tirtos_cc13xx_cc26xx_2_21_01_08/products/cc26xxware_2_24_03_17272" --include_path="/home/linuxlite/ti/ccs1040/ccs/tools/compiler/ti-cgt-arm_20.2.5.LTS/include" --define=ccs -g --diag_warning=225 --diag_warning=255 --diag_wrap=off --display_error_number --gen_func_subsections=on --abi=eabi --preproc_with_compile --preproc_dependency="project_main.d_raw" --cmd_file="configPkg/compiler.opt"  "../project_main.c"
Finished building: "../project_main.c"
 
making ../src/sysbios/rom_sysbios.aem3 ...
gmake[2]: Nothing to be done for 'all'.
Building target: "empty_CC2650STK_TI.out"
Invoking: Arm Linker
"/home/linuxlite/ti/ccs1040/ccs/tools/compiler/ti-cgt-arm_20.2.5.LTS/bin/armcl" -mv7M3 --code_state=16 --float_support=none -me --define=ccs -g --diag_warning=225 --diag_warning=255 --diag_wrap=off --display_error_number --gen_func_subsections=on --abi=eabi -z -m"empty_CC2650STK_TI.map" --heap_size=0 --stack_size=256 -i"/home/linuxlite/ti/ccs1040/ccs/tools/compiler/ti-cgt-arm_20.2.5.LTS/lib" -i"/home/linuxlite/ti/ccs1040/ccs/tools/compiler/ti-cgt-arm_20.2.5.LTS/include" --reread_libs --diag_wrap=off --display_error_number --warn_sections --xml_link_info="empty_CC2650STK_TI_linkInfo.xml" --rom_model -o "empty_CC2650STK_TI.out" "./CC2650STK.obj" "./ccfg.obj" "./project_main.obj" "./sensors/bmp280.obj" "./sensors/hdc1000.obj" "./sensors/mpu9250.obj" "./sensors/opt3001.obj" "./sensors/tmp007.obj" "../CC2650STK.cmd" -l"configPkg/linker.cmd"  -l"/home/linuxlite/ti/tirtos_cc13xx_cc26xx_2_21_01_08/products/cc26xxware_2_24_03_17272/driverlib/bin/ccs/driverlib.lib" -llibc.a 
<Linking>
Finished building target: "empty_CC2650STK_TI.out"
 

**** Build Finished ****

**** Build of configuration Debug for project empty_CC2650STK_TI ****

/home/linuxlite/ti/ccs1040/ccs/utils/bin/gmake -k -j 2 all -O 
 
making ../src/sysbios/rom_sysbios.aem3 ...
gmake[1]: Nothing to be done for 'all'.
making ../src/sysbios/rom_sysbios.aem3 ...
gmake[2]: Nothing to be done for 'all'.

**** Build Finished ****

**** Build of configuration Debug for project empty_CC2650STK_TI ****

/home/linuxlite/ti/ccs1040/ccs/utils/bin/gmake -k -j 2 all -O 
 
making ../src/sysbios/rom_sysbios.aem3 ...
gmake[1]: Nothing to be done for 'all'.
Building file: "../project_main.c"
Invoking: Arm Compiler
"/home/linuxlite/ti/ccs1040/ccs/tools/compiler/ti-cgt-arm_20.2.5.LTS/bin/armcl" -mv7M3 --code_state=16 --float_support=none -me --include_path="/home/linuxlite/workspace_v12/empty_CC2650STK_TI" --include_path="/home/linuxlite/workspace_v12/empty_CC2650STK_TI" --include_path="/home/linuxlite/ti/tirtos_cc13xx_cc26xx_2_21_01_08/products/cc26xxware_2_24_03_17272" --include_path="/home/linuxlite/ti/ccs1040/ccs/tools/compiler/ti-cgt-arm_20.2.5.LTS/include" --define=ccs -g --diag_warning=225 --diag_warning=255 --diag_wrap=off --display_error_number --gen_func_subsections=on --abi=eabi --preproc_with_compile --preproc_dependency="project_main.d_raw" --cmd_file="configPkg/compiler.opt"  "../project_main.c"
Finished building: "../project_main.c"
 
making ../src/sysbios/rom_sysbios.aem3 ...
gmake[2]: Nothing to be done for 'all'.
Building target: "empty_CC2650STK_TI.out"
Invoking: Arm Linker
"/home/linuxlite/ti/ccs1040/ccs/tools/compiler/ti-cgt-arm_20.2.5.LTS/bin/armcl" -mv7M3 --code_state=16 --float_support=none -me --define=ccs -g --diag_warning=225 --diag_warning=255 --diag_wrap=off --display_error_number --gen_func_subsections=on --abi=eabi -z -m"empty_CC2650STK_TI.map" --heap_size=0 --stack_size=256 -i"/home/linuxlite/ti/ccs1040/ccs/tools/compiler/ti-cgt-arm_20.2.5.LTS/lib" -i"/home/linuxlite/ti/ccs1040/ccs/tools/compiler/ti-cgt-arm_20.2.5.LTS/include" --reread_libs --diag_wrap=off --display_error_number --warn_sections --xml_link_info="empty_CC2650STK_TI_linkInfo.xml" --rom_model -o "empty_CC2650STK_TI.out" "./CC2650STK.obj" "./ccfg.obj" "./project_main.obj" "./sensors/bmp280.obj" "./sensors/hdc1000.obj" "./sensors/mpu9250.obj" "./sensors/opt3001.obj" "./sensors/tmp007.obj" "../CC2650STK.cmd" -l"configPkg/linker.cmd"  -l"/home/linuxlite/ti/tirtos_cc13xx_cc26xx_2_21_01_08/products/cc26xxware_2_24_03_17272/driverlib/bin/ccs/driverlib.lib" -llibc.a 
<Linking>
Finished building target: "empty_CC2650STK_TI.out"
 

**** Build Finished ****

**** Build of configuration Debug for project empty_CC2650STK_TI ****

/home/linuxlite/ti/ccs1040/ccs/utils/bin/gmake -k -j 2 all -O 
 
making ../src/sysbios/rom_sysbios.aem3 ...
gmake[1]: Nothing to be done for 'all'.
making ../src/sysbios/rom_sysbios.aem3 ...
gmake[2]: Nothing to be done for 'all'.

**** Build Finished ****

**** Build of configuration Debug for project empty_CC2650STK_TI ****

/home/linuxlite/ti/ccs1040/ccs/utils/bin/gmake -k -j 2 all -O 
 
making ../src/sysbios/rom_sysbios.aem3 ...
gmake[1]: Nothing to be done for 'all'.
Building file: "../project_main.c"
Invoking: Arm Compiler
"/home/linuxlite/ti/ccs1040/ccs/tools/compiler/ti-cgt-arm_20.2.5.LTS/bin/armcl" -mv7M3 --code_state=16 --float_support=none -me --include_path="/home/linuxlite/workspace_v12/empty_CC2650STK_TI" --include_path="/home/linuxlite/workspace_v12/empty_CC2650STK_TI" --include_path="/home/linuxlite/ti/tirtos_cc13xx_cc26xx_2_21_01_08/products/cc26xxware_2_24_03_17272" --include_path="/home/linuxlite/ti/ccs1040/ccs/tools/compiler/ti-cgt-arm_20.2.5.LTS/include" --define=ccs -g --diag_warning=225 --diag_warning=255 --diag_wrap=off --display_error_number --gen_func_subsections=on --abi=eabi --preproc_with_compile --preproc_dependency="project_main.d_raw" --cmd_file="configPkg/compiler.opt"  "../project_main.c"
Finished building: "../project_main.c"
 
making ../src/sysbios/rom_sysbios.aem3 ...
gmake[2]: Nothing to be done for 'all'.
Building target: "empty_CC2650STK_TI.out"
Invoking: Arm Linker
"/home/linuxlite/ti/ccs1040/ccs/tools/compiler/ti-cgt-arm_20.2.5.LTS/bin/armcl" -mv7M3 --code_state=16 --float_support=none -me --define=ccs -g --diag_warning=225 --diag_warning=255 --diag_wrap=off --display_error_number --gen_func_subsections=on --abi=eabi -z -m"empty_CC2650STK_TI.map" --heap_size=0 --stack_size=256 -i"/home/linuxlite/ti/ccs1040/ccs/tools/compiler/ti-cgt-arm_20.2.5.LTS/lib" -i"/home/linuxlite/ti/ccs1040/ccs/tools/compiler/ti-cgt-arm_20.2.5.LTS/include" --reread_libs --diag_wrap=off --display_error_number --warn_sections --xml_link_info="empty_CC2650STK_TI_linkInfo.xml" --rom_model -o "empty_CC2650STK_TI.out" "./CC2650STK.obj" "./ccfg.obj" "./project_main.obj" "./sensors/bmp280.obj" "./sensors/hdc1000.obj" "./sensors/mpu9250.obj" "./sensors/opt3001.obj" "./sensors/tmp007.obj" "../CC2650STK.cmd" -l"configPkg/linker.cmd"  -l"/home/linuxlite/ti/tirtos_cc13xx_cc26xx_2_21_01_08/products/cc26xxware_2_24_03_17272/driverlib/bin/ccs/driverlib.lib" -llibc.a 
<Linking>
Finished building target: "empty_CC2650STK_TI.out"
 

**** Build Finished ****

**** Build of configuration Debug for project empty_CC2650STK_TI ****

/home/linuxlite/ti/ccs1040/ccs/utils/bin/gmake -k -j 2 all -O 
 
making ../src/sysbios/rom_sysbios.aem3 ...
gmake[1]: Nothing to be done for 'all'.
making ../src/sysbios/rom_sysbios.aem3 ...
gmake[2]: Nothing to be done for 'all'.

**** Build Finished ****

**** Build of configuration Debug for project empty_CC2650STK_TI ****

/home/linuxlite/ti/ccs1040/ccs/utils/bin/gmake -k -j 2 all -O 
 
making ../src/sysbios/rom_sysbios.aem3 ...
gmake[1]: Nothing to be done for 'all'.
Building file: "../project_main.c"
Invoking: Arm Compiler
"/home/linuxlite/ti/ccs1040/ccs/tools/compiler/ti-cgt-arm_20.2.5.LTS/bin/armcl" -mv7M3 --code_state=16 --float_support=none -me --include_path="/home/linuxlite/workspace_v12/empty_CC2650STK_TI" --include_path="/home/linuxlite/workspace_v12/empty_CC2650STK_TI" --include_path="/home/linuxlite/ti/tirtos_cc13xx_cc26xx_2_21_01_08/products/cc26xxware_2_24_03_17272" --include_path="/home/linuxlite/ti/ccs1040/ccs/tools/compiler/ti-cgt-arm_20.2.5.LTS/include" --define=ccs -g --diag_warning=225 --diag_warning=255 --diag_wrap=off --display_error_number --gen_func_subsections=on --abi=eabi --preproc_with_compile --preproc_dependency="project_main.d_raw" --cmd_file="configPkg/compiler.opt"  "../project_main.c"
Finished building: "../project_main.c"
 
making ../src/sysbios/rom_sysbios.aem3 ...
gmake[2]: Nothing to be done for 'all'.
Building target: "empty_CC2650STK_TI.out"
Invoking: Arm Linker
"/home/linuxlite/ti/ccs1040/ccs/tools/compiler/ti-cgt-arm_20.2.5.LTS/bin/armcl" -mv7M3 --code_state=16 --float_support=none -me --define=ccs -g --diag_warning=225 --diag_warning=255 --diag_wrap=off --display_error_number --gen_func_subsections=on --abi=eabi -z -m"empty_CC2650STK_TI.map" --heap_size=0 --stack_size=256 -i"/home/linuxlite/ti/ccs1040/ccs/tools/compiler/ti-cgt-arm_20.2.5.LTS/lib" -i"/home/linuxlite/ti/ccs1040/ccs/tools/compiler/ti-cgt-arm_20.2.5.LTS/include" --reread_libs --diag_wrap=off --display_error_number --warn_sections --xml_link_info="empty_CC2650STK_TI_linkInfo.xml" --rom_model -o "empty_CC2650STK_TI.out" "./CC2650STK.obj" "./ccfg.obj" "./project_main.obj" "./sensors/bmp280.obj" "./sensors/hdc1000.obj" "./sensors/mpu9250.obj" "./sensors/opt3001.obj" "./sensors/tmp007.obj" "../CC2650STK.cmd" -l"configPkg/linker.cmd"  -l"/home/linuxlite/ti/tirtos_cc13xx_cc26xx_2_21_01_08/products/cc26xxware_2_24_03_17272/driverlib/bin/ccs/driverlib.lib" -llibc.a 
<Linking>
Finished building target: "empty_CC2650STK_TI.out"
 

**** Build Finished ****

**** Build of configuration Debug for project empty_CC2650STK_TI ****

/home/linuxlite/ti/ccs1040/ccs/utils/bin/gmake -k -j 2 all -O 
 
making ../src/sysbios/rom_sysbios.aem3 ...
gmake[1]: Nothing to be done for 'all'.
making ../src/sysbios/rom_sysbios.aem3 ...
gmake[2]: Nothing to be done for 'all'.

**** Build Finished ****

**** Build of configuration Debug for project empty_CC2650STK_TI ****

/home/linuxlite/ti/ccs1040/ccs/utils/bin/gmake -k -j 2 all -O 
 
making ../src/sysbios/rom_sysbios.aem3 ...
gmake[1]: Nothing to be done for 'all'.
making ../src/sysbios/rom_sysbios.aem3 ...
gmake[2]: Nothing to be done for 'all'.

**** Build Finished ****

**** Build of configuration Debug for project empty_CC2650STK_TI ****

/home/linuxlite/ti/ccs1040/ccs/utils/bin/gmake -k -j 2 all -O 
 
making ../src/sysbios/rom_sysbios.aem3 ...
gmake[1]: Nothing to be done for 'all'.
making ../src/sysbios/rom_sysbios.aem3 ...
gmake[2]: Nothing to be done for 'all'.

**** Build Finished ****
